The system is: Linux - 4.15.0-142-generic - x86_64
Compiling the C compiler identification source file "CMakeCCompilerId.c" succeeded.
Compiler: /home/user/tools/esm6800/sysroots/x86_64-pokysdk-linux/usr/bin/arm-emtronix-linux-gnueabi/arm-emtronix-linux-gnueabi-gcc -march=armv7ve;-mfpu=neon;-mfloat-abi=hard;-mcpu=cortex-a7;--sysroot=/home/user/tools/esm6800/sysroots/cortexa7hf-neon-emtronix-linux-gnueabi
Build flags: ;-O2;-pipe;-g;-feliminate-unused-debug-types;-fdebug-prefix-map=/home/hzc/fsl-release-bsp/build-x11/tmp/work/x86_64-nativesdk-pokysdk-linux/meta-environment-imx6ulevk/1.0-r8=/usr/src/debug/meta-environment-imx6ulevk/1.0-r8;-fdebug-prefix-map=/home/hzc/fsl-release-bsp/build-x11/tmp/sysroots/x86_64-linux=;-fdebug-prefix-map=/home/hzc/fsl-release-bsp/build-x11/tmp/sysroots/x86_64-nativesdk-pokysdk-linux=;
Id flags: 

The output was:
0


Compilation of the C compiler identification source "CMakeCCompilerId.c" produced "a.out"

The C compiler identification is GNU, found in "/home/user/workspace/r_boot_demos/kp_can_demo/build/CMakeFiles/3.5.1/CompilerIdC/a.out"

Compiling the CXX compiler identification source file "CMakeCXXCompilerId.cpp" succeeded.
Compiler: /home/user/tools/esm6800/sysroots/x86_64-pokysdk-linux/usr/bin/arm-emtronix-linux-gnueabi/arm-emtronix-linux-gnueabi-g++ -march=armv7ve;-mfpu=neon;-mfloat-abi=hard;-mcpu=cortex-a7;--sysroot=/home/user/tools/esm6800/sysroots/cortexa7hf-neon-emtronix-linux-gnueabi
Build flags: ;-O2;-pipe;-g;-feliminate-unused-debug-types;-fdebug-prefix-map=/home/hzc/fsl-release-bsp/build-x11/tmp/work/x86_64-nativesdk-pokysdk-linux/meta-environment-imx6ulevk/1.0-r8=/usr/src/debug/meta-environment-imx6ulevk/1.0-r8;-fdebug-prefix-map=/home/hzc/fsl-release-bsp/build-x11/tmp/sysroots/x86_64-linux=;-fdebug-prefix-map=/home/hzc/fsl-release-bsp/build-x11/tmp/sysroots/x86_64-nativesdk-pokysdk-linux=;
Id flags: 

The output was:
0


Compilation of the CXX compiler identification source "CMakeCXXCompilerId.cpp" produced "a.out"

The CXX compiler identification is GNU, found in "/home/user/workspace/r_boot_demos/kp_can_demo/build/CMakeFiles/3.5.1/CompilerIdCXX/a.out"

Determining if the C compiler works passed with the following output:
Change Dir: /home/user/workspace/r_boot_demos/kp_can_demo/build/CMakeFiles/CMakeTmp

Run Build Command:"/usr/bin/make" "cmTC_14c71/fast"
/usr/bin/make -f CMakeFiles/cmTC_14c71.dir/build.make CMakeFiles/cmTC_14c71.dir/build
make[1]: Entering directory '/home/user/workspace/r_boot_demos/kp_can_demo/build/CMakeFiles/CMakeTmp'
Building C object CMakeFiles/cmTC_14c71.dir/testCCompiler.c.o
/home/user/tools/esm6800/sysroots/x86_64-pokysdk-linux/usr/bin/arm-emtronix-linux-gnueabi/arm-emtronix-linux-gnueabi-gcc   -march=armv7ve -mfpu=neon  -mfloat-abi=hard -mcpu=cortex-a7 --sysroot=/home/user/tools/esm6800/sysroots/cortexa7hf-neon-emtronix-linux-gnueabi   -O2 -pipe -g -feliminate-unused-debug-types -fdebug-prefix-map=/home/hzc/fsl-release-bsp/build-x11/tmp/work/x86_64-nativesdk-pokysdk-linux/meta-environment-imx6ulevk/1.0-r8=/usr/src/debug/meta-environment-imx6ulevk/1.0-r8 -fdebug-prefix-map=/home/hzc/fsl-release-bsp/build-x11/tmp/sysroots/x86_64-linux= -fdebug-prefix-map=/home/hzc/fsl-release-bsp/build-x11/tmp/sysroots/x86_64-nativesdk-pokysdk-linux=      -o CMakeFiles/cmTC_14c71.dir/testCCompiler.c.o   -c /home/user/workspace/r_boot_demos/kp_can_demo/build/CMakeFiles/CMakeTmp/testCCompiler.c
Linking C executable cmTC_14c71
/usr/bin/cmake -E cmake_link_script CMakeFiles/cmTC_14c71.dir/link.txt --verbose=1
/home/user/tools/esm6800/sysroots/x86_64-pokysdk-linux/usr/bin/arm-emtronix-linux-gnueabi/arm-emtronix-linux-gnueabi-gcc   -march=armv7ve -mfpu=neon  -mfloat-abi=hard -mcpu=cortex-a7 --sysroot=/home/user/tools/esm6800/sysroots/cortexa7hf-neon-emtronix-linux-gnueabi  -O2 -pipe -g -feliminate-unused-debug-types -fdebug-prefix-map=/home/hzc/fsl-release-bsp/build-x11/tmp/work/x86_64-nativesdk-pokysdk-linux/meta-environment-imx6ulevk/1.0-r8=/usr/src/debug/meta-environment-imx6ulevk/1.0-r8 -fdebug-prefix-map=/home/hzc/fsl-release-bsp/build-x11/tmp/sysroots/x86_64-linux= -fdebug-prefix-map=/home/hzc/fsl-release-bsp/build-x11/tmp/sysroots/x86_64-nativesdk-pokysdk-linux=      -Wl,-O1 -Wl,--hash-style=gnu -Wl,--as-needed  CMakeFiles/cmTC_14c71.dir/testCCompiler.c.o  -o cmTC_14c71 -rdynamic 
make[1]: Leaving directory '/home/user/workspace/r_boot_demos/kp_can_demo/build/CMakeFiles/CMakeTmp'


Detecting C compiler ABI info compiled with the following output:
Change Dir: /home/user/workspace/r_boot_demos/kp_can_demo/build/CMakeFiles/CMakeTmp

Run Build Command:"/usr/bin/make" "cmTC_20cd7/fast"
/usr/bin/make -f CMakeFiles/cmTC_20cd7.dir/build.make CMakeFiles/cmTC_20cd7.dir/build
make[1]: Entering directory '/home/user/workspace/r_boot_demos/kp_can_demo/build/CMakeFiles/CMakeTmp'
Building C object CMakeFiles/cmTC_20cd7.dir/CMakeCCompilerABI.c.o
/home/user/tools/esm6800/sysroots/x86_64-pokysdk-linux/usr/bin/arm-emtronix-linux-gnueabi/arm-emtronix-linux-gnueabi-gcc   -march=armv7ve -mfpu=neon  -mfloat-abi=hard -mcpu=cortex-a7 --sysroot=/home/user/tools/esm6800/sysroots/cortexa7hf-neon-emtronix-linux-gnueabi   -O2 -pipe -g -feliminate-unused-debug-types -fdebug-prefix-map=/home/hzc/fsl-release-bsp/build-x11/tmp/work/x86_64-nativesdk-pokysdk-linux/meta-environment-imx6ulevk/1.0-r8=/usr/src/debug/meta-environment-imx6ulevk/1.0-r8 -fdebug-prefix-map=/home/hzc/fsl-release-bsp/build-x11/tmp/sysroots/x86_64-linux= -fdebug-prefix-map=/home/hzc/fsl-release-bsp/build-x11/tmp/sysroots/x86_64-nativesdk-pokysdk-linux=      -o CMakeFiles/cmTC_20cd7.dir/CMakeCCompilerABI.c.o   -c /usr/share/cmake-3.5/Modules/CMakeCCompilerABI.c
Linking C executable cmTC_20cd7
/usr/bin/cmake -E cmake_link_script CMakeFiles/cmTC_20cd7.dir/link.txt --verbose=1
/home/user/tools/esm6800/sysroots/x86_64-pokysdk-linux/usr/bin/arm-emtronix-linux-gnueabi/arm-emtronix-linux-gnueabi-gcc   -march=armv7ve -mfpu=neon  -mfloat-abi=hard -mcpu=cortex-a7 --sysroot=/home/user/tools/esm6800/sysroots/cortexa7hf-neon-emtronix-linux-gnueabi  -O2 -pipe -g -feliminate-unused-debug-types -fdebug-prefix-map=/home/hzc/fsl-release-bsp/build-x11/tmp/work/x86_64-nativesdk-pokysdk-linux/meta-environment-imx6ulevk/1.0-r8=/usr/src/debug/meta-environment-imx6ulevk/1.0-r8 -fdebug-prefix-map=/home/hzc/fsl-release-bsp/build-x11/tmp/sysroots/x86_64-linux= -fdebug-prefix-map=/home/hzc/fsl-release-bsp/build-x11/tmp/sysroots/x86_64-nativesdk-pokysdk-linux=      -Wl,-O1 -Wl,--hash-style=gnu -Wl,--as-needed -v CMakeFiles/cmTC_20cd7.dir/CMakeCCompilerABI.c.o  -o cmTC_20cd7 -rdynamic  
Using built-in specs.
COLLECT_GCC=/home/user/tools/esm6800/sysroots/x86_64-pokysdk-linux/usr/bin/arm-emtronix-linux-gnueabi/arm-emtronix-linux-gnueabi-gcc
COLLECT_LTO_WRAPPER=/home/user/tools/esm6800/sysroots/x86_64-pokysdk-linux/usr/libexec/arm-emtronix-linux-gnueabi/gcc/arm-emtronix-linux-gnueabi/5.3.0/lto-wrapper
Target: arm-emtronix-linux-gnueabi
Configured with: ../../../../../../work-shared/gcc-5.3.0-r0/gcc-5.3.0/configure --build=x86_64-linux --host=x86_64-pokysdk-linux --target=arm-emtronix-linux-gnueabi --prefix=/opt/fsl-imx-x11/4.1.15-2.1.0/sysroots/x86_64-pokysdk-linux/usr --exec_prefix=/opt/fsl-imx-x11/4.1.15-2.1.0/sysroots/x86_64-pokysdk-linux/usr --bindir=/opt/fsl-imx-x11/4.1.15-2.1.0/sysroots/x86_64-pokysdk-linux/usr/bin/arm-emtronix-linux-gnueabi --sbindir=/opt/fsl-imx-x11/4.1.15-2.1.0/sysroots/x86_64-pokysdk-linux/usr/bin/arm-emtronix-linux-gnueabi --libexecdir=/opt/fsl-imx-x11/4.1.15-2.1.0/sysroots/x86_64-pokysdk-linux/usr/libexec/arm-emtronix-linux-gnueabi --datadir=/opt/fsl-imx-x11/4.1.15-2.1.0/sysroots/x86_64-pokysdk-linux/usr/share --sysconfdir=/opt/fsl-imx-x11/4.1.15-2.1.0/sysroots/x86_64-pokysdk-linux/etc --sharedstatedir=/opt/fsl-imx-x11/4.1.15-2.1.0/sysroots/x86_64-pokysdk-linux/com --localstatedir=/opt/fsl-imx-x11/4.1.15-2.1.0/sysroots/x86_64-pokysdk-linux/var --libdir=/opt/fsl-imx-x11/4.1.15-2.1.0/sysroots/x86_64-pokysdk-linux/usr/lib/arm-emtronix-linux-gnueabi --includedir=/opt/fsl-imx-x11/4.1.15-2.1.0/sysroots/x86_64-pokysdk-linux/usr/include --oldincludedir=/opt/fsl-imx-x11/4.1.15-2.1.0/sysroots/x86_64-pokysdk-linux/usr/include --infodir=/opt/fsl-imx-x11/4.1.15-2.1.0/sysroots/x86_64-pokysdk-linux/usr/share/info --mandir=/opt/fsl-imx-x11/4.1.15-2.1.0/sysroots/x86_64-pokysdk-linux/usr/share/man --disable-silent-rules --disable-dependency-tracking --with-libtool-sysroot=/home/hzc/fsl-release-bsp/build-x11/tmp/sysroots/x86_64-nativesdk-pokysdk-linux --with-gnu-ld --enable-shared --enable-languages=c,c++ --enable-threads=posix --enable-multilib --enable-c99 --enable-long-long --enable-symvers=gnu --enable-libstdcxx-pch --program-prefix=arm-emtronix-linux-gnueabi- --without-local-prefix --enable-lto --enable-libssp --enable-libitm --disable-bootstrap --disable-libmudflap --with-system-zlib --with-linker-hash-style=gnu --enable-linker-build-id --with-ppl=no --with-cloog=no --enable-checking=release --enable-cheaders=c_global --without-isl --with-gxx-include-dir=/not/exist/usr/include/c++/5.3.0 --with-build-time-tools=/home/hzc/fsl-release-bsp/build-x11/tmp/sysroots/x86_64-linux/usr/arm-emtronix-linux-gnueabi/bin --with-sysroot=/not/exist --with-build-sysroot=/home/hzc/fsl-release-bsp/build-x11/tmp/sysroots/imx6ulevk --enable-poison-system-directories --with-mpfr=/home/hzc/fsl-release-bsp/build-x11/tmp/sysroots/x86_64-nativesdk-pokysdk-linux --with-mpc=/home/hzc/fsl-release-bsp/build-x11/tmp/sysroots/x86_64-nativesdk-pokysdk-linux --enable-nls --with-arch=armv7-a
Thread model: posix
gcc version 5.3.0 (GCC) 
COMPILER_PATH=/home/user/tools/esm6800/sysroots/x86_64-pokysdk-linux/usr/libexec/arm-emtronix-linux-gnueabi/gcc/arm-emtronix-linux-gnueabi/5.3.0/:/home/user/tools/esm6800/sysroots/x86_64-pokysdk-linux/usr/libexec/arm-emtronix-linux-gnueabi/gcc/arm-emtronix-linux-gnueabi/5.3.0/:/home/user/tools/esm6800/sysroots/x86_64-pokysdk-linux/usr/libexec/arm-emtronix-linux-gnueabi/gcc/arm-emtronix-linux-gnueabi/:/home/user/tools/esm6800/sysroots/x86_64-pokysdk-linux/usr/lib/arm-emtronix-linux-gnueabi/gcc/arm-emtronix-linux-gnueabi/5.3.0/:/home/user/tools/esm6800/sysroots/x86_64-pokysdk-linux/usr/lib/arm-emtronix-linux-gnueabi/gcc/arm-emtronix-linux-gnueabi/
LIBRARY_PATH=/home/user/tools/esm6800/sysroots/x86_64-pokysdk-linux/usr/lib/arm-emtronix-linux-gnueabi/gcc/arm-emtronix-linux-gnueabi/5.3.0/:/home/user/tools/esm6800/sysroots/cortexa7hf-neon-emtronix-linux-gnueabi/lib/:/home/user/tools/esm6800/sysroots/cortexa7hf-neon-emtronix-linux-gnueabi/usr/lib/arm-emtronix-linux-gnueabi/5.3.0/:/home/user/tools/esm6800/sysroots/cortexa7hf-neon-emtronix-linux-gnueabi/usr/lib/
COLLECT_GCC_OPTIONS='--sysroot=/home/user/tools/esm6800/sysroots/cortexa7hf-neon-emtronix-linux-gnueabi' '-march=armv7ve' '-mfpu=neon' '-mfloat-abi=hard' '-mcpu=cortex-a7' '-O2' '-pipe' '-g' '-feliminate-unused-debug-types' '-fdebug-prefix-map=/home/hzc/fsl-release-bsp/build-x11/tmp/work/x86_64-nativesdk-pokysdk-linux/meta-environment-imx6ulevk/1.0-r8=/usr/src/debug/meta-environment-imx6ulevk/1.0-r8' '-fdebug-prefix-map=/home/hzc/fsl-release-bsp/build-x11/tmp/sysroots/x86_64-linux=' '-fdebug-prefix-map=/home/hzc/fsl-release-bsp/build-x11/tmp/sysroots/x86_64-nativesdk-pokysdk-linux=' '-v' '-o' 'cmTC_20cd7' '-rdynamic' '-mtls-dialect=gnu'
 /home/user/tools/esm6800/sysroots/x86_64-pokysdk-linux/usr/libexec/arm-emtronix-linux-gnueabi/gcc/arm-emtronix-linux-gnueabi/5.3.0/collect2 -plugin /home/user/tools/esm6800/sysroots/x86_64-pokysdk-linux/usr/libexec/arm-emtronix-linux-gnueabi/gcc/arm-emtronix-linux-gnueabi/5.3.0/liblto_plugin.so -plugin-opt=/home/user/tools/esm6800/sysroots/x86_64-pokysdk-linux/usr/libexec/arm-emtronix-linux-gnueabi/gcc/arm-emtronix-linux-gnueabi/5.3.0/lto-wrapper -plugin-opt=-fresolution=/tmp/ccGcHKQk.res -plugin-opt=-pass-through=-lgcc -plugin-opt=-pass-through=-lgcc_s -plugin-opt=-pass-through=-lc -plugin-opt=-pass-through=-lgcc -plugin-opt=-pass-through=-lgcc_s --sysroot=/home/user/tools/esm6800/sysroots/cortexa7hf-neon-emtronix-linux-gnueabi --build-id --eh-frame-hdr --hash-style=gnu -export-dynamic -dynamic-linker /lib/ld-linux-armhf.so.3 -X -m armelf_linux_eabi -o cmTC_20cd7 /home/user/tools/esm6800/sysroots/cortexa7hf-neon-emtronix-linux-gnueabi/usr/lib/crt1.o /home/user/tools/esm6800/sysroots/cortexa7hf-neon-emtronix-linux-gnueabi/usr/lib/crti.o /home/user/tools/esm6800/sysroots/cortexa7hf-neon-emtronix-linux-gnueabi/usr/lib/arm-emtronix-linux-gnueabi/5.3.0/crtbegin.o -L/home/user/tools/esm6800/sysroots/x86_64-pokysdk-linux/usr/lib/arm-emtronix-linux-gnueabi/gcc/arm-emtronix-linux-gnueabi/5.3.0 -L/home/user/tools/esm6800/sysroots/cortexa7hf-neon-emtronix-linux-gnueabi/lib -L/home/user/tools/esm6800/sysroots/cortexa7hf-neon-emtronix-linux-gnueabi/usr/lib/arm-emtronix-linux-gnueabi/5.3.0 -L/home/user/tools/esm6800/sysroots/cortexa7hf-neon-emtronix-linux-gnueabi/usr/lib -O1 --hash-style=gnu --as-needed CMakeFiles/cmTC_20cd7.dir/CMakeCCompilerABI.c.o -lgcc --as-needed -lgcc_s --no-as-needed -lc -lgcc --as-needed -lgcc_s --no-as-needed /home/user/tools/esm6800/sysroots/cortexa7hf-neon-emtronix-linux-gnueabi/usr/lib/arm-emtronix-linux-gnueabi/5.3.0/crtend.o /home/user/tools/esm6800/sysroots/cortexa7hf-neon-emtronix-linux-gnueabi/usr/lib/crtn.o
make[1]: Leaving directory '/home/user/workspace/r_boot_demos/kp_can_demo/build/CMakeFiles/CMakeTmp'


Parsed C implicit link information from above output:
  link line regex: [^( *|.*[/\])(ld|([^/\]+-)?ld|collect2)[^/\]*( |$)]
  ignore line: [Change Dir: /home/user/workspace/r_boot_demos/kp_can_demo/build/CMakeFiles/CMakeTmp]
  ignore line: []
  ignore line: [Run Build Command:"/usr/bin/make" "cmTC_20cd7/fast"]
  ignore line: [/usr/bin/make -f CMakeFiles/cmTC_20cd7.dir/build.make CMakeFiles/cmTC_20cd7.dir/build]
  ignore line: [make[1]: Entering directory '/home/user/workspace/r_boot_demos/kp_can_demo/build/CMakeFiles/CMakeTmp']
  ignore line: [Building C object CMakeFiles/cmTC_20cd7.dir/CMakeCCompilerABI.c.o]
  ignore line: [/home/user/tools/esm6800/sysroots/x86_64-pokysdk-linux/usr/bin/arm-emtronix-linux-gnueabi/arm-emtronix-linux-gnueabi-gcc   -march=armv7ve -mfpu=neon  -mfloat-abi=hard -mcpu=cortex-a7 --sysroot=/home/user/tools/esm6800/sysroots/cortexa7hf-neon-emtronix-linux-gnueabi   -O2 -pipe -g -feliminate-unused-debug-types -fdebug-prefix-map=/home/hzc/fsl-release-bsp/build-x11/tmp/work/x86_64-nativesdk-pokysdk-linux/meta-environment-imx6ulevk/1.0-r8=/usr/src/debug/meta-environment-imx6ulevk/1.0-r8 -fdebug-prefix-map=/home/hzc/fsl-release-bsp/build-x11/tmp/sysroots/x86_64-linux= -fdebug-prefix-map=/home/hzc/fsl-release-bsp/build-x11/tmp/sysroots/x86_64-nativesdk-pokysdk-linux=      -o CMakeFiles/cmTC_20cd7.dir/CMakeCCompilerABI.c.o   -c /usr/share/cmake-3.5/Modules/CMakeCCompilerABI.c]
  ignore line: [Linking C executable cmTC_20cd7]
  ignore line: [/usr/bin/cmake -E cmake_link_script CMakeFiles/cmTC_20cd7.dir/link.txt --verbose=1]
  ignore line: [/home/user/tools/esm6800/sysroots/x86_64-pokysdk-linux/usr/bin/arm-emtronix-linux-gnueabi/arm-emtronix-linux-gnueabi-gcc   -march=armv7ve -mfpu=neon  -mfloat-abi=hard -mcpu=cortex-a7 --sysroot=/home/user/tools/esm6800/sysroots/cortexa7hf-neon-emtronix-linux-gnueabi  -O2 -pipe -g -feliminate-unused-debug-types -fdebug-prefix-map=/home/hzc/fsl-release-bsp/build-x11/tmp/work/x86_64-nativesdk-pokysdk-linux/meta-environment-imx6ulevk/1.0-r8=/usr/src/debug/meta-environment-imx6ulevk/1.0-r8 -fdebug-prefix-map=/home/hzc/fsl-release-bsp/build-x11/tmp/sysroots/x86_64-linux= -fdebug-prefix-map=/home/hzc/fsl-release-bsp/build-x11/tmp/sysroots/x86_64-nativesdk-pokysdk-linux=      -Wl,-O1 -Wl,--hash-style=gnu -Wl,--as-needed -v CMakeFiles/cmTC_20cd7.dir/CMakeCCompilerABI.c.o  -o cmTC_20cd7 -rdynamic  ]
  ignore line: [Using built-in specs.]
  ignore line: [COLLECT_GCC=/home/user/tools/esm6800/sysroots/x86_64-pokysdk-linux/usr/bin/arm-emtronix-linux-gnueabi/arm-emtronix-linux-gnueabi-gcc]
  ignore line: [COLLECT_LTO_WRAPPER=/home/user/tools/esm6800/sysroots/x86_64-pokysdk-linux/usr/libexec/arm-emtronix-linux-gnueabi/gcc/arm-emtronix-linux-gnueabi/5.3.0/lto-wrapper]
  ignore line: [Target: arm-emtronix-linux-gnueabi]
  ignore line: [Configured with: ../../../../../../work-shared/gcc-5.3.0-r0/gcc-5.3.0/configure --build=x86_64-linux --host=x86_64-pokysdk-linux --target=arm-emtronix-linux-gnueabi --prefix=/opt/fsl-imx-x11/4.1.15-2.1.0/sysroots/x86_64-pokysdk-linux/usr --exec_prefix=/opt/fsl-imx-x11/4.1.15-2.1.0/sysroots/x86_64-pokysdk-linux/usr --bindir=/opt/fsl-imx-x11/4.1.15-2.1.0/sysroots/x86_64-pokysdk-linux/usr/bin/arm-emtronix-linux-gnueabi --sbindir=/opt/fsl-imx-x11/4.1.15-2.1.0/sysroots/x86_64-pokysdk-linux/usr/bin/arm-emtronix-linux-gnueabi --libexecdir=/opt/fsl-imx-x11/4.1.15-2.1.0/sysroots/x86_64-pokysdk-linux/usr/libexec/arm-emtronix-linux-gnueabi --datadir=/opt/fsl-imx-x11/4.1.15-2.1.0/sysroots/x86_64-pokysdk-linux/usr/share --sysconfdir=/opt/fsl-imx-x11/4.1.15-2.1.0/sysroots/x86_64-pokysdk-linux/etc --sharedstatedir=/opt/fsl-imx-x11/4.1.15-2.1.0/sysroots/x86_64-pokysdk-linux/com --localstatedir=/opt/fsl-imx-x11/4.1.15-2.1.0/sysroots/x86_64-pokysdk-linux/var --libdir=/opt/fsl-imx-x11/4.1.15-2.1.0/sysroots/x86_64-pokysdk-linux/usr/lib/arm-emtronix-linux-gnueabi --includedir=/opt/fsl-imx-x11/4.1.15-2.1.0/sysroots/x86_64-pokysdk-linux/usr/include --oldincludedir=/opt/fsl-imx-x11/4.1.15-2.1.0/sysroots/x86_64-pokysdk-linux/usr/include --infodir=/opt/fsl-imx-x11/4.1.15-2.1.0/sysroots/x86_64-pokysdk-linux/usr/share/info --mandir=/opt/fsl-imx-x11/4.1.15-2.1.0/sysroots/x86_64-pokysdk-linux/usr/share/man --disable-silent-rules --disable-dependency-tracking --with-libtool-sysroot=/home/hzc/fsl-release-bsp/build-x11/tmp/sysroots/x86_64-nativesdk-pokysdk-linux --with-gnu-ld --enable-shared --enable-languages=c,c++ --enable-threads=posix --enable-multilib --enable-c99 --enable-long-long --enable-symvers=gnu --enable-libstdcxx-pch --program-prefix=arm-emtronix-linux-gnueabi- --without-local-prefix --enable-lto --enable-libssp --enable-libitm --disable-bootstrap --disable-libmudflap --with-system-zlib --with-linker-hash-style=gnu --enable-linker-build-id --with-ppl=no --with-cloog=no --enable-checking=release --enable-cheaders=c_global --without-isl --with-gxx-include-dir=/not/exist/usr/include/c++/5.3.0 --with-build-time-tools=/home/hzc/fsl-release-bsp/build-x11/tmp/sysroots/x86_64-linux/usr/arm-emtronix-linux-gnueabi/bin --with-sysroot=/not/exist --with-build-sysroot=/home/hzc/fsl-release-bsp/build-x11/tmp/sysroots/imx6ulevk --enable-poison-system-directories --with-mpfr=/home/hzc/fsl-release-bsp/build-x11/tmp/sysroots/x86_64-nativesdk-pokysdk-linux --with-mpc=/home/hzc/fsl-release-bsp/build-x11/tmp/sysroots/x86_64-nativesdk-pokysdk-linux --enable-nls --with-arch=armv7-a]
  ignore line: [Thread model: posix]
  ignore line: [gcc version 5.3.0 (GCC) ]
  ignore line: [COMPILER_PATH=/home/user/tools/esm6800/sysroots/x86_64-pokysdk-linux/usr/libexec/arm-emtronix-linux-gnueabi/gcc/arm-emtronix-linux-gnueabi/5.3.0/:/home/user/tools/esm6800/sysroots/x86_64-pokysdk-linux/usr/libexec/arm-emtronix-linux-gnueabi/gcc/arm-emtronix-linux-gnueabi/5.3.0/:/home/user/tools/esm6800/sysroots/x86_64-pokysdk-linux/usr/libexec/arm-emtronix-linux-gnueabi/gcc/arm-emtronix-linux-gnueabi/:/home/user/tools/esm6800/sysroots/x86_64-pokysdk-linux/usr/lib/arm-emtronix-linux-gnueabi/gcc/arm-emtronix-linux-gnueabi/5.3.0/:/home/user/tools/esm6800/sysroots/x86_64-pokysdk-linux/usr/lib/arm-emtronix-linux-gnueabi/gcc/arm-emtronix-linux-gnueabi/]
  ignore line: [LIBRARY_PATH=/home/user/tools/esm6800/sysroots/x86_64-pokysdk-linux/usr/lib/arm-emtronix-linux-gnueabi/gcc/arm-emtronix-linux-gnueabi/5.3.0/:/home/user/tools/esm6800/sysroots/cortexa7hf-neon-emtronix-linux-gnueabi/lib/:/home/user/tools/esm6800/sysroots/cortexa7hf-neon-emtronix-linux-gnueabi/usr/lib/arm-emtronix-linux-gnueabi/5.3.0/:/home/user/tools/esm6800/sysroots/cortexa7hf-neon-emtronix-linux-gnueabi/usr/lib/]
  ignore line: [COLLECT_GCC_OPTIONS='--sysroot=/home/user/tools/esm6800/sysroots/cortexa7hf-neon-emtronix-linux-gnueabi' '-march=armv7ve' '-mfpu=neon' '-mfloat-abi=hard' '-mcpu=cortex-a7' '-O2' '-pipe' '-g' '-feliminate-unused-debug-types' '-fdebug-prefix-map=/home/hzc/fsl-release-bsp/build-x11/tmp/work/x86_64-nativesdk-pokysdk-linux/meta-environment-imx6ulevk/1.0-r8=/usr/src/debug/meta-environment-imx6ulevk/1.0-r8' '-fdebug-prefix-map=/home/hzc/fsl-release-bsp/build-x11/tmp/sysroots/x86_64-linux=' '-fdebug-prefix-map=/home/hzc/fsl-release-bsp/build-x11/tmp/sysroots/x86_64-nativesdk-pokysdk-linux=' '-v' '-o' 'cmTC_20cd7' '-rdynamic' '-mtls-dialect=gnu']
  link line: [ /home/user/tools/esm6800/sysroots/x86_64-pokysdk-linux/usr/libexec/arm-emtronix-linux-gnueabi/gcc/arm-emtronix-linux-gnueabi/5.3.0/collect2 -plugin /home/user/tools/esm6800/sysroots/x86_64-pokysdk-linux/usr/libexec/arm-emtronix-linux-gnueabi/gcc/arm-emtronix-linux-gnueabi/5.3.0/liblto_plugin.so -plugin-opt=/home/user/tools/esm6800/sysroots/x86_64-pokysdk-linux/usr/libexec/arm-emtronix-linux-gnueabi/gcc/arm-emtronix-linux-gnueabi/5.3.0/lto-wrapper -plugin-opt=-fresolution=/tmp/ccGcHKQk.res -plugin-opt=-pass-through=-lgcc -plugin-opt=-pass-through=-lgcc_s -plugin-opt=-pass-through=-lc -plugin-opt=-pass-through=-lgcc -plugin-opt=-pass-through=-lgcc_s --sysroot=/home/user/tools/esm6800/sysroots/cortexa7hf-neon-emtronix-linux-gnueabi --build-id --eh-frame-hdr --hash-style=gnu -export-dynamic -dynamic-linker /lib/ld-linux-armhf.so.3 -X -m armelf_linux_eabi -o cmTC_20cd7 /home/user/tools/esm6800/sysroots/cortexa7hf-neon-emtronix-linux-gnueabi/usr/lib/crt1.o /home/user/tools/esm6800/sysroots/cortexa7hf-neon-emtronix-linux-gnueabi/usr/lib/crti.o /home/user/tools/esm6800/sysroots/cortexa7hf-neon-emtronix-linux-gnueabi/usr/lib/arm-emtronix-linux-gnueabi/5.3.0/crtbegin.o -L/home/user/tools/esm6800/sysroots/x86_64-pokysdk-linux/usr/lib/arm-emtronix-linux-gnueabi/gcc/arm-emtronix-linux-gnueabi/5.3.0 -L/home/user/tools/esm6800/sysroots/cortexa7hf-neon-emtronix-linux-gnueabi/lib -L/home/user/tools/esm6800/sysroots/cortexa7hf-neon-emtronix-linux-gnueabi/usr/lib/arm-emtronix-linux-gnueabi/5.3.0 -L/home/user/tools/esm6800/sysroots/cortexa7hf-neon-emtronix-linux-gnueabi/usr/lib -O1 --hash-style=gnu --as-needed CMakeFiles/cmTC_20cd7.dir/CMakeCCompilerABI.c.o -lgcc --as-needed -lgcc_s --no-as-needed -lc -lgcc --as-needed -lgcc_s --no-as-needed /home/user/tools/esm6800/sysroots/cortexa7hf-neon-emtronix-linux-gnueabi/usr/lib/arm-emtronix-linux-gnueabi/5.3.0/crtend.o /home/user/tools/esm6800/sysroots/cortexa7hf-neon-emtronix-linux-gnueabi/usr/lib/crtn.o]
    arg [/home/user/tools/esm6800/sysroots/x86_64-pokysdk-linux/usr/libexec/arm-emtronix-linux-gnueabi/gcc/arm-emtronix-linux-gnueabi/5.3.0/collect2] ==> ignore
    arg [-plugin] ==> ignore
    arg [/home/user/tools/esm6800/sysroots/x86_64-pokysdk-linux/usr/libexec/arm-emtronix-linux-gnueabi/gcc/arm-emtronix-linux-gnueabi/5.3.0/liblto_plugin.so] ==> ignore
    arg [-plugin-opt=/home/user/tools/esm6800/sysroots/x86_64-pokysdk-linux/usr/libexec/arm-emtronix-linux-gnueabi/gcc/arm-emtronix-linux-gnueabi/5.3.0/lto-wrapper] ==> ignore
    arg [-plugin-opt=-fresolution=/tmp/ccGcHKQk.res] ==> ignore
    arg [-plugin-opt=-pass-through=-lgcc] ==> ignore
    arg [-plugin-opt=-pass-through=-lgcc_s] ==> ignore
    arg [-plugin-opt=-pass-through=-lc] ==> ignore
    arg [-plugin-opt=-pass-through=-lgcc] ==> ignore
    arg [-plugin-opt=-pass-through=-lgcc_s] ==> ignore
    arg [--sysroot=/home/user/tools/esm6800/sysroots/cortexa7hf-neon-emtronix-linux-gnueabi] ==> ignore
    arg [--build-id] ==> ignore
    arg [--eh-frame-hdr] ==> ignore
    arg [--hash-style=gnu] ==> ignore
    arg [-export-dynamic] ==> ignore
    arg [-dynamic-linker] ==> ignore
    arg [/lib/ld-linux-armhf.so.3] ==> ignore
    arg [-X] ==> ignore
    arg [-m] ==> ignore
    arg [armelf_linux_eabi] ==> ignore
    arg [-o] ==> ignore
    arg [cmTC_20cd7] ==> ignore
    arg [/home/user/tools/esm6800/sysroots/cortexa7hf-neon-emtronix-linux-gnueabi/usr/lib/crt1.o] ==> ignore
    arg [/home/user/tools/esm6800/sysroots/cortexa7hf-neon-emtronix-linux-gnueabi/usr/lib/crti.o] ==> ignore
    arg [/home/user/tools/esm6800/sysroots/cortexa7hf-neon-emtronix-linux-gnueabi/usr/lib/arm-emtronix-linux-gnueabi/5.3.0/crtbegin.o] ==> ignore
    arg [-L/home/user/tools/esm6800/sysroots/x86_64-pokysdk-linux/usr/lib/arm-emtronix-linux-gnueabi/gcc/arm-emtronix-linux-gnueabi/5.3.0] ==> dir [/home/user/tools/esm6800/sysroots/x86_64-pokysdk-linux/usr/lib/arm-emtronix-linux-gnueabi/gcc/arm-emtronix-linux-gnueabi/5.3.0]
    arg [-L/home/user/tools/esm6800/sysroots/cortexa7hf-neon-emtronix-linux-gnueabi/lib] ==> dir [/home/user/tools/esm6800/sysroots/cortexa7hf-neon-emtronix-linux-gnueabi/lib]
    arg [-L/home/user/tools/esm6800/sysroots/cortexa7hf-neon-emtronix-linux-gnueabi/usr/lib/arm-emtronix-linux-gnueabi/5.3.0] ==> dir [/home/user/tools/esm6800/sysroots/cortexa7hf-neon-emtronix-linux-gnueabi/usr/lib/arm-emtronix-linux-gnueabi/5.3.0]
    arg [-L/home/user/tools/esm6800/sysroots/cortexa7hf-neon-emtronix-linux-gnueabi/usr/lib] ==> dir [/home/user/tools/esm6800/sysroots/cortexa7hf-neon-emtronix-linux-gnueabi/usr/lib]
    arg [-O1] ==> ignore
    arg [--hash-style=gnu] ==> ignore
    arg [--as-needed] ==> ignore
    arg [CMakeFiles/cmTC_20cd7.dir/CMakeCCompilerABI.c.o] ==> ignore
    arg [-lgcc] ==> lib [gcc]
    arg [--as-needed] ==> ignore
    arg [-lgcc_s] ==> lib [gcc_s]
    arg [--no-as-needed] ==> ignore
    arg [-lc] ==> lib [c]
    arg [-lgcc] ==> lib [gcc]
    arg [--as-needed] ==> ignore
    arg [-lgcc_s] ==> lib [gcc_s]
    arg [--no-as-needed] ==> ignore
    arg [/home/user/tools/esm6800/sysroots/cortexa7hf-neon-emtronix-linux-gnueabi/usr/lib/arm-emtronix-linux-gnueabi/5.3.0/crtend.o] ==> ignore
    arg [/home/user/tools/esm6800/sysroots/cortexa7hf-neon-emtronix-linux-gnueabi/usr/lib/crtn.o] ==> ignore
  remove lib [gcc]
  remove lib [gcc_s]
  remove lib [gcc]
  remove lib [gcc_s]
  collapse library dir [/home/user/tools/esm6800/sysroots/x86_64-pokysdk-linux/usr/lib/arm-emtronix-linux-gnueabi/gcc/arm-emtronix-linux-gnueabi/5.3.0] ==> [/home/user/tools/esm6800/sysroots/x86_64-pokysdk-linux/usr/lib/arm-emtronix-linux-gnueabi/gcc/arm-emtronix-linux-gnueabi/5.3.0]
  collapse library dir [/home/user/tools/esm6800/sysroots/cortexa7hf-neon-emtronix-linux-gnueabi/lib] ==> [/home/user/tools/esm6800/sysroots/cortexa7hf-neon-emtronix-linux-gnueabi/lib]
  collapse library dir [/home/user/tools/esm6800/sysroots/cortexa7hf-neon-emtronix-linux-gnueabi/usr/lib/arm-emtronix-linux-gnueabi/5.3.0] ==> [/home/user/tools/esm6800/sysroots/cortexa7hf-neon-emtronix-linux-gnueabi/usr/lib/arm-emtronix-linux-gnueabi/5.3.0]
  collapse library dir [/home/user/tools/esm6800/sysroots/cortexa7hf-neon-emtronix-linux-gnueabi/usr/lib] ==> [/home/user/tools/esm6800/sysroots/cortexa7hf-neon-emtronix-linux-gnueabi/usr/lib]
  implicit libs: [c]
  implicit dirs: [/home/user/tools/esm6800/sysroots/x86_64-pokysdk-linux/usr/lib/arm-emtronix-linux-gnueabi/gcc/arm-emtronix-linux-gnueabi/5.3.0;/home/user/tools/esm6800/sysroots/cortexa7hf-neon-emtronix-linux-gnueabi/lib;/home/user/tools/esm6800/sysroots/cortexa7hf-neon-emtronix-linux-gnueabi/usr/lib/arm-emtronix-linux-gnueabi/5.3.0;/home/user/tools/esm6800/sysroots/cortexa7hf-neon-emtronix-linux-gnueabi/usr/lib]
  implicit fwks: []




Detecting C [-std=c11] compiler features compiled with the following output:
Change Dir: /home/user/workspace/r_boot_demos/kp_can_demo/build/CMakeFiles/CMakeTmp

Run Build Command:"/usr/bin/make" "cmTC_65274/fast"
/usr/bin/make -f CMakeFiles/cmTC_65274.dir/build.make CMakeFiles/cmTC_65274.dir/build
make[1]: Entering directory '/home/user/workspace/r_boot_demos/kp_can_demo/build/CMakeFiles/CMakeTmp'
Building C object CMakeFiles/cmTC_65274.dir/feature_tests.c.o
/home/user/tools/esm6800/sysroots/x86_64-pokysdk-linux/usr/bin/arm-emtronix-linux-gnueabi/arm-emtronix-linux-gnueabi-gcc   -march=armv7ve -mfpu=neon  -mfloat-abi=hard -mcpu=cortex-a7 --sysroot=/home/user/tools/esm6800/sysroots/cortexa7hf-neon-emtronix-linux-gnueabi   -O2 -pipe -g -feliminate-unused-debug-types -fdebug-prefix-map=/home/hzc/fsl-release-bsp/build-x11/tmp/work/x86_64-nativesdk-pokysdk-linux/meta-environment-imx6ulevk/1.0-r8=/usr/src/debug/meta-environment-imx6ulevk/1.0-r8 -fdebug-prefix-map=/home/hzc/fsl-release-bsp/build-x11/tmp/sysroots/x86_64-linux= -fdebug-prefix-map=/home/hzc/fsl-release-bsp/build-x11/tmp/sysroots/x86_64-nativesdk-pokysdk-linux=      -std=c11 -o CMakeFiles/cmTC_65274.dir/feature_tests.c.o   -c /home/user/workspace/r_boot_demos/kp_can_demo/build/CMakeFiles/feature_tests.c
Linking C executable cmTC_65274
/usr/bin/cmake -E cmake_link_script CMakeFiles/cmTC_65274.dir/link.txt --verbose=1
/home/user/tools/esm6800/sysroots/x86_64-pokysdk-linux/usr/bin/arm-emtronix-linux-gnueabi/arm-emtronix-linux-gnueabi-gcc   -march=armv7ve -mfpu=neon  -mfloat-abi=hard -mcpu=cortex-a7 --sysroot=/home/user/tools/esm6800/sysroots/cortexa7hf-neon-emtronix-linux-gnueabi  -O2 -pipe -g -feliminate-unused-debug-types -fdebug-prefix-map=/home/hzc/fsl-release-bsp/build-x11/tmp/work/x86_64-nativesdk-pokysdk-linux/meta-environment-imx6ulevk/1.0-r8=/usr/src/debug/meta-environment-imx6ulevk/1.0-r8 -fdebug-prefix-map=/home/hzc/fsl-release-bsp/build-x11/tmp/sysroots/x86_64-linux= -fdebug-prefix-map=/home/hzc/fsl-release-bsp/build-x11/tmp/sysroots/x86_64-nativesdk-pokysdk-linux=      -Wl,-O1 -Wl,--hash-style=gnu -Wl,--as-needed  CMakeFiles/cmTC_65274.dir/feature_tests.c.o  -o cmTC_65274 -rdynamic 
make[1]: Leaving directory '/home/user/workspace/r_boot_demos/kp_can_demo/build/CMakeFiles/CMakeTmp'


    Feature record: C_FEATURE:1c_function_prototypes
    Feature record: C_FEATURE:1c_restrict
    Feature record: C_FEATURE:1c_static_assert
    Feature record: C_FEATURE:1c_variadic_macros


Detecting C [-std=c99] compiler features compiled with the following output:
Change Dir: /home/user/workspace/r_boot_demos/kp_can_demo/build/CMakeFiles/CMakeTmp

Run Build Command:"/usr/bin/make" "cmTC_0a009/fast"
/usr/bin/make -f CMakeFiles/cmTC_0a009.dir/build.make CMakeFiles/cmTC_0a009.dir/build
make[1]: Entering directory '/home/user/workspace/r_boot_demos/kp_can_demo/build/CMakeFiles/CMakeTmp'
Building C object CMakeFiles/cmTC_0a009.dir/feature_tests.c.o
/home/user/tools/esm6800/sysroots/x86_64-pokysdk-linux/usr/bin/arm-emtronix-linux-gnueabi/arm-emtronix-linux-gnueabi-gcc   -march=armv7ve -mfpu=neon  -mfloat-abi=hard -mcpu=cortex-a7 --sysroot=/home/user/tools/esm6800/sysroots/cortexa7hf-neon-emtronix-linux-gnueabi   -O2 -pipe -g -feliminate-unused-debug-types -fdebug-prefix-map=/home/hzc/fsl-release-bsp/build-x11/tmp/work/x86_64-nativesdk-pokysdk-linux/meta-environment-imx6ulevk/1.0-r8=/usr/src/debug/meta-environment-imx6ulevk/1.0-r8 -fdebug-prefix-map=/home/hzc/fsl-release-bsp/build-x11/tmp/sysroots/x86_64-linux= -fdebug-prefix-map=/home/hzc/fsl-release-bsp/build-x11/tmp/sysroots/x86_64-nativesdk-pokysdk-linux=      -std=c99 -o CMakeFiles/cmTC_0a009.dir/feature_tests.c.o   -c /home/user/workspace/r_boot_demos/kp_can_demo/build/CMakeFiles/feature_tests.c
Linking C executable cmTC_0a009
/usr/bin/cmake -E cmake_link_script CMakeFiles/cmTC_0a009.dir/link.txt --verbose=1
/home/user/tools/esm6800/sysroots/x86_64-pokysdk-linux/usr/bin/arm-emtronix-linux-gnueabi/arm-emtronix-linux-gnueabi-gcc   -march=armv7ve -mfpu=neon  -mfloat-abi=hard -mcpu=cortex-a7 --sysroot=/home/user/tools/esm6800/sysroots/cortexa7hf-neon-emtronix-linux-gnueabi  -O2 -pipe -g -feliminate-unused-debug-types -fdebug-prefix-map=/home/hzc/fsl-release-bsp/build-x11/tmp/work/x86_64-nativesdk-pokysdk-linux/meta-environment-imx6ulevk/1.0-r8=/usr/src/debug/meta-environment-imx6ulevk/1.0-r8 -fdebug-prefix-map=/home/hzc/fsl-release-bsp/build-x11/tmp/sysroots/x86_64-linux= -fdebug-prefix-map=/home/hzc/fsl-release-bsp/build-x11/tmp/sysroots/x86_64-nativesdk-pokysdk-linux=      -Wl,-O1 -Wl,--hash-style=gnu -Wl,--as-needed  CMakeFiles/cmTC_0a009.dir/feature_tests.c.o  -o cmTC_0a009 -rdynamic 
make[1]: Leaving directory '/home/user/workspace/r_boot_demos/kp_can_demo/build/CMakeFiles/CMakeTmp'


    Feature record: C_FEATURE:1c_function_prototypes
    Feature record: C_FEATURE:1c_restrict
    Feature record: C_FEATURE:0c_static_assert
    Feature record: C_FEATURE:1c_variadic_macros


Detecting C [-std=c90] compiler features compiled with the following output:
Change Dir: /home/user/workspace/r_boot_demos/kp_can_demo/build/CMakeFiles/CMakeTmp

Run Build Command:"/usr/bin/make" "cmTC_cf4a6/fast"
/usr/bin/make -f CMakeFiles/cmTC_cf4a6.dir/build.make CMakeFiles/cmTC_cf4a6.dir/build
make[1]: Entering directory '/home/user/workspace/r_boot_demos/kp_can_demo/build/CMakeFiles/CMakeTmp'
Building C object CMakeFiles/cmTC_cf4a6.dir/feature_tests.c.o
/home/user/tools/esm6800/sysroots/x86_64-pokysdk-linux/usr/bin/arm-emtronix-linux-gnueabi/arm-emtronix-linux-gnueabi-gcc   -march=armv7ve -mfpu=neon  -mfloat-abi=hard -mcpu=cortex-a7 --sysroot=/home/user/tools/esm6800/sysroots/cortexa7hf-neon-emtronix-linux-gnueabi   -O2 -pipe -g -feliminate-unused-debug-types -fdebug-prefix-map=/home/hzc/fsl-release-bsp/build-x11/tmp/work/x86_64-nativesdk-pokysdk-linux/meta-environment-imx6ulevk/1.0-r8=/usr/src/debug/meta-environment-imx6ulevk/1.0-r8 -fdebug-prefix-map=/home/hzc/fsl-release-bsp/build-x11/tmp/sysroots/x86_64-linux= -fdebug-prefix-map=/home/hzc/fsl-release-bsp/build-x11/tmp/sysroots/x86_64-nativesdk-pokysdk-linux=      -std=c90 -o CMakeFiles/cmTC_cf4a6.dir/feature_tests.c.o   -c /home/user/workspace/r_boot_demos/kp_can_demo/build/CMakeFiles/feature_tests.c
Linking C executable cmTC_cf4a6
/usr/bin/cmake -E cmake_link_script CMakeFiles/cmTC_cf4a6.dir/link.txt --verbose=1
/home/user/tools/esm6800/sysroots/x86_64-pokysdk-linux/usr/bin/arm-emtronix-linux-gnueabi/arm-emtronix-linux-gnueabi-gcc   -march=armv7ve -mfpu=neon  -mfloat-abi=hard -mcpu=cortex-a7 --sysroot=/home/user/tools/esm6800/sysroots/cortexa7hf-neon-emtronix-linux-gnueabi  -O2 -pipe -g -feliminate-unused-debug-types -fdebug-prefix-map=/home/hzc/fsl-release-bsp/build-x11/tmp/work/x86_64-nativesdk-pokysdk-linux/meta-environment-imx6ulevk/1.0-r8=/usr/src/debug/meta-environment-imx6ulevk/1.0-r8 -fdebug-prefix-map=/home/hzc/fsl-release-bsp/build-x11/tmp/sysroots/x86_64-linux= -fdebug-prefix-map=/home/hzc/fsl-release-bsp/build-x11/tmp/sysroots/x86_64-nativesdk-pokysdk-linux=      -Wl,-O1 -Wl,--hash-style=gnu -Wl,--as-needed  CMakeFiles/cmTC_cf4a6.dir/feature_tests.c.o  -o cmTC_cf4a6 -rdynamic 
make[1]: Leaving directory '/home/user/workspace/r_boot_demos/kp_can_demo/build/CMakeFiles/CMakeTmp'


    Feature record: C_FEATURE:1c_function_prototypes
    Feature record: C_FEATURE:0c_restrict
    Feature record: C_FEATURE:0c_static_assert
    Feature record: C_FEATURE:0c_variadic_macros
Determining if the CXX compiler works passed with the following output:
Change Dir: /home/user/workspace/r_boot_demos/kp_can_demo/build/CMakeFiles/CMakeTmp

Run Build Command:"/usr/bin/make" "cmTC_429a5/fast"
/usr/bin/make -f CMakeFiles/cmTC_429a5.dir/build.make CMakeFiles/cmTC_429a5.dir/build
make[1]: Entering directory '/home/user/workspace/r_boot_demos/kp_can_demo/build/CMakeFiles/CMakeTmp'
Building CXX object CMakeFiles/cmTC_429a5.dir/testCXXCompiler.cxx.o
/home/user/tools/esm6800/sysroots/x86_64-pokysdk-linux/usr/bin/arm-emtronix-linux-gnueabi/arm-emtronix-linux-gnueabi-g++   -march=armv7ve -mfpu=neon  -mfloat-abi=hard -mcpu=cortex-a7 --sysroot=/home/user/tools/esm6800/sysroots/cortexa7hf-neon-emtronix-linux-gnueabi    -O2 -pipe -g -feliminate-unused-debug-types -fdebug-prefix-map=/home/hzc/fsl-release-bsp/build-x11/tmp/work/x86_64-nativesdk-pokysdk-linux/meta-environment-imx6ulevk/1.0-r8=/usr/src/debug/meta-environment-imx6ulevk/1.0-r8 -fdebug-prefix-map=/home/hzc/fsl-release-bsp/build-x11/tmp/sysroots/x86_64-linux= -fdebug-prefix-map=/home/hzc/fsl-release-bsp/build-x11/tmp/sysroots/x86_64-nativesdk-pokysdk-linux=      -o CMakeFiles/cmTC_429a5.dir/testCXXCompiler.cxx.o -c /home/user/workspace/r_boot_demos/kp_can_demo/build/CMakeFiles/CMakeTmp/testCXXCompiler.cxx
Linking CXX executable cmTC_429a5
/usr/bin/cmake -E cmake_link_script CMakeFiles/cmTC_429a5.dir/link.txt --verbose=1
/home/user/tools/esm6800/sysroots/x86_64-pokysdk-linux/usr/bin/arm-emtronix-linux-gnueabi/arm-emtronix-linux-gnueabi-g++   -march=armv7ve -mfpu=neon  -mfloat-abi=hard -mcpu=cortex-a7 --sysroot=/home/user/tools/esm6800/sysroots/cortexa7hf-neon-emtronix-linux-gnueabi   -O2 -pipe -g -feliminate-unused-debug-types -fdebug-prefix-map=/home/hzc/fsl-release-bsp/build-x11/tmp/work/x86_64-nativesdk-pokysdk-linux/meta-environment-imx6ulevk/1.0-r8=/usr/src/debug/meta-environment-imx6ulevk/1.0-r8 -fdebug-prefix-map=/home/hzc/fsl-release-bsp/build-x11/tmp/sysroots/x86_64-linux= -fdebug-prefix-map=/home/hzc/fsl-release-bsp/build-x11/tmp/sysroots/x86_64-nativesdk-pokysdk-linux=      -Wl,-O1 -Wl,--hash-style=gnu -Wl,--as-needed  CMakeFiles/cmTC_429a5.dir/testCXXCompiler.cxx.o  -o cmTC_429a5 -rdynamic 
make[1]: Leaving directory '/home/user/workspace/r_boot_demos/kp_can_demo/build/CMakeFiles/CMakeTmp'


Detecting CXX compiler ABI info compiled with the following output:
Change Dir: /home/user/workspace/r_boot_demos/kp_can_demo/build/CMakeFiles/CMakeTmp

Run Build Command:"/usr/bin/make" "cmTC_22459/fast"
/usr/bin/make -f CMakeFiles/cmTC_22459.dir/build.make CMakeFiles/cmTC_22459.dir/build
make[1]: Entering directory '/home/user/workspace/r_boot_demos/kp_can_demo/build/CMakeFiles/CMakeTmp'
Building CXX object CMakeFiles/cmTC_22459.dir/CMakeCXXCompilerABI.cpp.o
/home/user/tools/esm6800/sysroots/x86_64-pokysdk-linux/usr/bin/arm-emtronix-linux-gnueabi/arm-emtronix-linux-gnueabi-g++   -march=armv7ve -mfpu=neon  -mfloat-abi=hard -mcpu=cortex-a7 --sysroot=/home/user/tools/esm6800/sysroots/cortexa7hf-neon-emtronix-linux-gnueabi    -O2 -pipe -g -feliminate-unused-debug-types -fdebug-prefix-map=/home/hzc/fsl-release-bsp/build-x11/tmp/work/x86_64-nativesdk-pokysdk-linux/meta-environment-imx6ulevk/1.0-r8=/usr/src/debug/meta-environment-imx6ulevk/1.0-r8 -fdebug-prefix-map=/home/hzc/fsl-release-bsp/build-x11/tmp/sysroots/x86_64-linux= -fdebug-prefix-map=/home/hzc/fsl-release-bsp/build-x11/tmp/sysroots/x86_64-nativesdk-pokysdk-linux=      -o CMakeFiles/cmTC_22459.dir/CMakeCXXCompilerABI.cpp.o -c /usr/share/cmake-3.5/Modules/CMakeCXXCompilerABI.cpp
Linking CXX executable cmTC_22459
/usr/bin/cmake -E cmake_link_script CMakeFiles/cmTC_22459.dir/link.txt --verbose=1
/home/user/tools/esm6800/sysroots/x86_64-pokysdk-linux/usr/bin/arm-emtronix-linux-gnueabi/arm-emtronix-linux-gnueabi-g++   -march=armv7ve -mfpu=neon  -mfloat-abi=hard -mcpu=cortex-a7 --sysroot=/home/user/tools/esm6800/sysroots/cortexa7hf-neon-emtronix-linux-gnueabi   -O2 -pipe -g -feliminate-unused-debug-types -fdebug-prefix-map=/home/hzc/fsl-release-bsp/build-x11/tmp/work/x86_64-nativesdk-pokysdk-linux/meta-environment-imx6ulevk/1.0-r8=/usr/src/debug/meta-environment-imx6ulevk/1.0-r8 -fdebug-prefix-map=/home/hzc/fsl-release-bsp/build-x11/tmp/sysroots/x86_64-linux= -fdebug-prefix-map=/home/hzc/fsl-release-bsp/build-x11/tmp/sysroots/x86_64-nativesdk-pokysdk-linux=      -Wl,-O1 -Wl,--hash-style=gnu -Wl,--as-needed -v CMakeFiles/cmTC_22459.dir/CMakeCXXCompilerABI.cpp.o  -o cmTC_22459 -rdynamic  
Using built-in specs.
COLLECT_GCC=/home/user/tools/esm6800/sysroots/x86_64-pokysdk-linux/usr/bin/arm-emtronix-linux-gnueabi/arm-emtronix-linux-gnueabi-g++
COLLECT_LTO_WRAPPER=/home/user/tools/esm6800/sysroots/x86_64-pokysdk-linux/usr/libexec/arm-emtronix-linux-gnueabi/gcc/arm-emtronix-linux-gnueabi/5.3.0/lto-wrapper
Target: arm-emtronix-linux-gnueabi
Configured with: ../../../../../../work-shared/gcc-5.3.0-r0/gcc-5.3.0/configure --build=x86_64-linux --host=x86_64-pokysdk-linux --target=arm-emtronix-linux-gnueabi --prefix=/opt/fsl-imx-x11/4.1.15-2.1.0/sysroots/x86_64-pokysdk-linux/usr --exec_prefix=/opt/fsl-imx-x11/4.1.15-2.1.0/sysroots/x86_64-pokysdk-linux/usr --bindir=/opt/fsl-imx-x11/4.1.15-2.1.0/sysroots/x86_64-pokysdk-linux/usr/bin/arm-emtronix-linux-gnueabi --sbindir=/opt/fsl-imx-x11/4.1.15-2.1.0/sysroots/x86_64-pokysdk-linux/usr/bin/arm-emtronix-linux-gnueabi --libexecdir=/opt/fsl-imx-x11/4.1.15-2.1.0/sysroots/x86_64-pokysdk-linux/usr/libexec/arm-emtronix-linux-gnueabi --datadir=/opt/fsl-imx-x11/4.1.15-2.1.0/sysroots/x86_64-pokysdk-linux/usr/share --sysconfdir=/opt/fsl-imx-x11/4.1.15-2.1.0/sysroots/x86_64-pokysdk-linux/etc --sharedstatedir=/opt/fsl-imx-x11/4.1.15-2.1.0/sysroots/x86_64-pokysdk-linux/com --localstatedir=/opt/fsl-imx-x11/4.1.15-2.1.0/sysroots/x86_64-pokysdk-linux/var --libdir=/opt/fsl-imx-x11/4.1.15-2.1.0/sysroots/x86_64-pokysdk-linux/usr/lib/arm-emtronix-linux-gnueabi --includedir=/opt/fsl-imx-x11/4.1.15-2.1.0/sysroots/x86_64-pokysdk-linux/usr/include --oldincludedir=/opt/fsl-imx-x11/4.1.15-2.1.0/sysroots/x86_64-pokysdk-linux/usr/include --infodir=/opt/fsl-imx-x11/4.1.15-2.1.0/sysroots/x86_64-pokysdk-linux/usr/share/info --mandir=/opt/fsl-imx-x11/4.1.15-2.1.0/sysroots/x86_64-pokysdk-linux/usr/share/man --disable-silent-rules --disable-dependency-tracking --with-libtool-sysroot=/home/hzc/fsl-release-bsp/build-x11/tmp/sysroots/x86_64-nativesdk-pokysdk-linux --with-gnu-ld --enable-shared --enable-languages=c,c++ --enable-threads=posix --enable-multilib --enable-c99 --enable-long-long --enable-symvers=gnu --enable-libstdcxx-pch --program-prefix=arm-emtronix-linux-gnueabi- --without-local-prefix --enable-lto --enable-libssp --enable-libitm --disable-bootstrap --disable-libmudflap --with-system-zlib --with-linker-hash-style=gnu --enable-linker-build-id --with-ppl=no --with-cloog=no --enable-checking=release --enable-cheaders=c_global --without-isl --with-gxx-include-dir=/not/exist/usr/include/c++/5.3.0 --with-build-time-tools=/home/hzc/fsl-release-bsp/build-x11/tmp/sysroots/x86_64-linux/usr/arm-emtronix-linux-gnueabi/bin --with-sysroot=/not/exist --with-build-sysroot=/home/hzc/fsl-release-bsp/build-x11/tmp/sysroots/imx6ulevk --enable-poison-system-directories --with-mpfr=/home/hzc/fsl-release-bsp/build-x11/tmp/sysroots/x86_64-nativesdk-pokysdk-linux --with-mpc=/home/hzc/fsl-release-bsp/build-x11/tmp/sysroots/x86_64-nativesdk-pokysdk-linux --enable-nls --with-arch=armv7-a
Thread model: posix
gcc version 5.3.0 (GCC) 
COMPILER_PATH=/home/user/tools/esm6800/sysroots/x86_64-pokysdk-linux/usr/libexec/arm-emtronix-linux-gnueabi/gcc/arm-emtronix-linux-gnueabi/5.3.0/:/home/user/tools/esm6800/sysroots/x86_64-pokysdk-linux/usr/libexec/arm-emtronix-linux-gnueabi/gcc/arm-emtronix-linux-gnueabi/5.3.0/:/home/user/tools/esm6800/sysroots/x86_64-pokysdk-linux/usr/libexec/arm-emtronix-linux-gnueabi/gcc/arm-emtronix-linux-gnueabi/:/home/user/tools/esm6800/sysroots/x86_64-pokysdk-linux/usr/lib/arm-emtronix-linux-gnueabi/gcc/arm-emtronix-linux-gnueabi/5.3.0/:/home/user/tools/esm6800/sysroots/x86_64-pokysdk-linux/usr/lib/arm-emtronix-linux-gnueabi/gcc/arm-emtronix-linux-gnueabi/
LIBRARY_PATH=/home/user/tools/esm6800/sysroots/x86_64-pokysdk-linux/usr/lib/arm-emtronix-linux-gnueabi/gcc/arm-emtronix-linux-gnueabi/5.3.0/:/home/user/tools/esm6800/sysroots/cortexa7hf-neon-emtronix-linux-gnueabi/lib/:/home/user/tools/esm6800/sysroots/cortexa7hf-neon-emtronix-linux-gnueabi/usr/lib/arm-emtronix-linux-gnueabi/5.3.0/:/home/user/tools/esm6800/sysroots/cortexa7hf-neon-emtronix-linux-gnueabi/usr/lib/
COLLECT_GCC_OPTIONS='--sysroot=/home/user/tools/esm6800/sysroots/cortexa7hf-neon-emtronix-linux-gnueabi' '-march=armv7ve' '-mfpu=neon' '-mfloat-abi=hard' '-mcpu=cortex-a7' '-O2' '-pipe' '-g' '-feliminate-unused-debug-types' '-fdebug-prefix-map=/home/hzc/fsl-release-bsp/build-x11/tmp/work/x86_64-nativesdk-pokysdk-linux/meta-environment-imx6ulevk/1.0-r8=/usr/src/debug/meta-environment-imx6ulevk/1.0-r8' '-fdebug-prefix-map=/home/hzc/fsl-release-bsp/build-x11/tmp/sysroots/x86_64-linux=' '-fdebug-prefix-map=/home/hzc/fsl-release-bsp/build-x11/tmp/sysroots/x86_64-nativesdk-pokysdk-linux=' '-v' '-o' 'cmTC_22459' '-rdynamic' '-shared-libgcc' '-mtls-dialect=gnu'
 /home/user/tools/esm6800/sysroots/x86_64-pokysdk-linux/usr/libexec/arm-emtronix-linux-gnueabi/gcc/arm-emtronix-linux-gnueabi/5.3.0/collect2 -plugin /home/user/tools/esm6800/sysroots/x86_64-pokysdk-linux/usr/libexec/arm-emtronix-linux-gnueabi/gcc/arm-emtronix-linux-gnueabi/5.3.0/liblto_plugin.so -plugin-opt=/home/user/tools/esm6800/sysroots/x86_64-pokysdk-linux/usr/libexec/arm-emtronix-linux-gnueabi/gcc/arm-emtronix-linux-gnueabi/5.3.0/lto-wrapper -plugin-opt=-fresolution=/tmp/cccYj0eC.res -plugin-opt=-pass-through=-lgcc_s -plugin-opt=-pass-through=-lgcc -plugin-opt=-pass-through=-lc -plugin-opt=-pass-through=-lgcc_s -plugin-opt=-pass-through=-lgcc --sysroot=/home/user/tools/esm6800/sysroots/cortexa7hf-neon-emtronix-linux-gnueabi --build-id --eh-frame-hdr --hash-style=gnu -export-dynamic -dynamic-linker /lib/ld-linux-armhf.so.3 -X -m armelf_linux_eabi -o cmTC_22459 /home/user/tools/esm6800/sysroots/cortexa7hf-neon-emtronix-linux-gnueabi/usr/lib/crt1.o /home/user/tools/esm6800/sysroots/cortexa7hf-neon-emtronix-linux-gnueabi/usr/lib/crti.o /home/user/tools/esm6800/sysroots/cortexa7hf-neon-emtronix-linux-gnueabi/usr/lib/arm-emtronix-linux-gnueabi/5.3.0/crtbegin.o -L/home/user/tools/esm6800/sysroots/x86_64-pokysdk-linux/usr/lib/arm-emtronix-linux-gnueabi/gcc/arm-emtronix-linux-gnueabi/5.3.0 -L/home/user/tools/esm6800/sysroots/cortexa7hf-neon-emtronix-linux-gnueabi/lib -L/home/user/tools/esm6800/sysroots/cortexa7hf-neon-emtronix-linux-gnueabi/usr/lib/arm-emtronix-linux-gnueabi/5.3.0 -L/home/user/tools/esm6800/sysroots/cortexa7hf-neon-emtronix-linux-gnueabi/usr/lib -O1 --hash-style=gnu --as-needed CMakeFiles/cmTC_22459.dir/CMakeCXXCompilerABI.cpp.o -lstdc++ -lm -lgcc_s -lgcc -lc -lgcc_s -lgcc /home/user/tools/esm6800/sysroots/cortexa7hf-neon-emtronix-linux-gnueabi/usr/lib/arm-emtronix-linux-gnueabi/5.3.0/crtend.o /home/user/tools/esm6800/sysroots/cortexa7hf-neon-emtronix-linux-gnueabi/usr/lib/crtn.o
make[1]: Leaving directory '/home/user/workspace/r_boot_demos/kp_can_demo/build/CMakeFiles/CMakeTmp'


Parsed CXX implicit link information from above output:
  link line regex: [^( *|.*[/\])(ld|([^/\]+-)?ld|collect2)[^/\]*( |$)]
  ignore line: [Change Dir: /home/user/workspace/r_boot_demos/kp_can_demo/build/CMakeFiles/CMakeTmp]
  ignore line: []
  ignore line: [Run Build Command:"/usr/bin/make" "cmTC_22459/fast"]
  ignore line: [/usr/bin/make -f CMakeFiles/cmTC_22459.dir/build.make CMakeFiles/cmTC_22459.dir/build]
  ignore line: [make[1]: Entering directory '/home/user/workspace/r_boot_demos/kp_can_demo/build/CMakeFiles/CMakeTmp']
  ignore line: [Building CXX object CMakeFiles/cmTC_22459.dir/CMakeCXXCompilerABI.cpp.o]
  ignore line: [/home/user/tools/esm6800/sysroots/x86_64-pokysdk-linux/usr/bin/arm-emtronix-linux-gnueabi/arm-emtronix-linux-gnueabi-g++   -march=armv7ve -mfpu=neon  -mfloat-abi=hard -mcpu=cortex-a7 --sysroot=/home/user/tools/esm6800/sysroots/cortexa7hf-neon-emtronix-linux-gnueabi    -O2 -pipe -g -feliminate-unused-debug-types -fdebug-prefix-map=/home/hzc/fsl-release-bsp/build-x11/tmp/work/x86_64-nativesdk-pokysdk-linux/meta-environment-imx6ulevk/1.0-r8=/usr/src/debug/meta-environment-imx6ulevk/1.0-r8 -fdebug-prefix-map=/home/hzc/fsl-release-bsp/build-x11/tmp/sysroots/x86_64-linux= -fdebug-prefix-map=/home/hzc/fsl-release-bsp/build-x11/tmp/sysroots/x86_64-nativesdk-pokysdk-linux=      -o CMakeFiles/cmTC_22459.dir/CMakeCXXCompilerABI.cpp.o -c /usr/share/cmake-3.5/Modules/CMakeCXXCompilerABI.cpp]
  ignore line: [Linking CXX executable cmTC_22459]
  ignore line: [/usr/bin/cmake -E cmake_link_script CMakeFiles/cmTC_22459.dir/link.txt --verbose=1]
  ignore line: [/home/user/tools/esm6800/sysroots/x86_64-pokysdk-linux/usr/bin/arm-emtronix-linux-gnueabi/arm-emtronix-linux-gnueabi-g++   -march=armv7ve -mfpu=neon  -mfloat-abi=hard -mcpu=cortex-a7 --sysroot=/home/user/tools/esm6800/sysroots/cortexa7hf-neon-emtronix-linux-gnueabi   -O2 -pipe -g -feliminate-unused-debug-types -fdebug-prefix-map=/home/hzc/fsl-release-bsp/build-x11/tmp/work/x86_64-nativesdk-pokysdk-linux/meta-environment-imx6ulevk/1.0-r8=/usr/src/debug/meta-environment-imx6ulevk/1.0-r8 -fdebug-prefix-map=/home/hzc/fsl-release-bsp/build-x11/tmp/sysroots/x86_64-linux= -fdebug-prefix-map=/home/hzc/fsl-release-bsp/build-x11/tmp/sysroots/x86_64-nativesdk-pokysdk-linux=      -Wl,-O1 -Wl,--hash-style=gnu -Wl,--as-needed -v CMakeFiles/cmTC_22459.dir/CMakeCXXCompilerABI.cpp.o  -o cmTC_22459 -rdynamic  ]
  ignore line: [Using built-in specs.]
  ignore line: [COLLECT_GCC=/home/user/tools/esm6800/sysroots/x86_64-pokysdk-linux/usr/bin/arm-emtronix-linux-gnueabi/arm-emtronix-linux-gnueabi-g++]
  ignore line: [COLLECT_LTO_WRAPPER=/home/user/tools/esm6800/sysroots/x86_64-pokysdk-linux/usr/libexec/arm-emtronix-linux-gnueabi/gcc/arm-emtronix-linux-gnueabi/5.3.0/lto-wrapper]
  ignore line: [Target: arm-emtronix-linux-gnueabi]
  ignore line: [Configured with: ../../../../../../work-shared/gcc-5.3.0-r0/gcc-5.3.0/configure --build=x86_64-linux --host=x86_64-pokysdk-linux --target=arm-emtronix-linux-gnueabi --prefix=/opt/fsl-imx-x11/4.1.15-2.1.0/sysroots/x86_64-pokysdk-linux/usr --exec_prefix=/opt/fsl-imx-x11/4.1.15-2.1.0/sysroots/x86_64-pokysdk-linux/usr --bindir=/opt/fsl-imx-x11/4.1.15-2.1.0/sysroots/x86_64-pokysdk-linux/usr/bin/arm-emtronix-linux-gnueabi --sbindir=/opt/fsl-imx-x11/4.1.15-2.1.0/sysroots/x86_64-pokysdk-linux/usr/bin/arm-emtronix-linux-gnueabi --libexecdir=/opt/fsl-imx-x11/4.1.15-2.1.0/sysroots/x86_64-pokysdk-linux/usr/libexec/arm-emtronix-linux-gnueabi --datadir=/opt/fsl-imx-x11/4.1.15-2.1.0/sysroots/x86_64-pokysdk-linux/usr/share --sysconfdir=/opt/fsl-imx-x11/4.1.15-2.1.0/sysroots/x86_64-pokysdk-linux/etc --sharedstatedir=/opt/fsl-imx-x11/4.1.15-2.1.0/sysroots/x86_64-pokysdk-linux/com --localstatedir=/opt/fsl-imx-x11/4.1.15-2.1.0/sysroots/x86_64-pokysdk-linux/var --libdir=/opt/fsl-imx-x11/4.1.15-2.1.0/sysroots/x86_64-pokysdk-linux/usr/lib/arm-emtronix-linux-gnueabi --includedir=/opt/fsl-imx-x11/4.1.15-2.1.0/sysroots/x86_64-pokysdk-linux/usr/include --oldincludedir=/opt/fsl-imx-x11/4.1.15-2.1.0/sysroots/x86_64-pokysdk-linux/usr/include --infodir=/opt/fsl-imx-x11/4.1.15-2.1.0/sysroots/x86_64-pokysdk-linux/usr/share/info --mandir=/opt/fsl-imx-x11/4.1.15-2.1.0/sysroots/x86_64-pokysdk-linux/usr/share/man --disable-silent-rules --disable-dependency-tracking --with-libtool-sysroot=/home/hzc/fsl-release-bsp/build-x11/tmp/sysroots/x86_64-nativesdk-pokysdk-linux --with-gnu-ld --enable-shared --enable-languages=c,c++ --enable-threads=posix --enable-multilib --enable-c99 --enable-long-long --enable-symvers=gnu --enable-libstdcxx-pch --program-prefix=arm-emtronix-linux-gnueabi- --without-local-prefix --enable-lto --enable-libssp --enable-libitm --disable-bootstrap --disable-libmudflap --with-system-zlib --with-linker-hash-style=gnu --enable-linker-build-id --with-ppl=no --with-cloog=no --enable-checking=release --enable-cheaders=c_global --without-isl --with-gxx-include-dir=/not/exist/usr/include/c++/5.3.0 --with-build-time-tools=/home/hzc/fsl-release-bsp/build-x11/tmp/sysroots/x86_64-linux/usr/arm-emtronix-linux-gnueabi/bin --with-sysroot=/not/exist --with-build-sysroot=/home/hzc/fsl-release-bsp/build-x11/tmp/sysroots/imx6ulevk --enable-poison-system-directories --with-mpfr=/home/hzc/fsl-release-bsp/build-x11/tmp/sysroots/x86_64-nativesdk-pokysdk-linux --with-mpc=/home/hzc/fsl-release-bsp/build-x11/tmp/sysroots/x86_64-nativesdk-pokysdk-linux --enable-nls --with-arch=armv7-a]
  ignore line: [Thread model: posix]
  ignore line: [gcc version 5.3.0 (GCC) ]
  ignore line: [COMPILER_PATH=/home/user/tools/esm6800/sysroots/x86_64-pokysdk-linux/usr/libexec/arm-emtronix-linux-gnueabi/gcc/arm-emtronix-linux-gnueabi/5.3.0/:/home/user/tools/esm6800/sysroots/x86_64-pokysdk-linux/usr/libexec/arm-emtronix-linux-gnueabi/gcc/arm-emtronix-linux-gnueabi/5.3.0/:/home/user/tools/esm6800/sysroots/x86_64-pokysdk-linux/usr/libexec/arm-emtronix-linux-gnueabi/gcc/arm-emtronix-linux-gnueabi/:/home/user/tools/esm6800/sysroots/x86_64-pokysdk-linux/usr/lib/arm-emtronix-linux-gnueabi/gcc/arm-emtronix-linux-gnueabi/5.3.0/:/home/user/tools/esm6800/sysroots/x86_64-pokysdk-linux/usr/lib/arm-emtronix-linux-gnueabi/gcc/arm-emtronix-linux-gnueabi/]
  ignore line: [LIBRARY_PATH=/home/user/tools/esm6800/sysroots/x86_64-pokysdk-linux/usr/lib/arm-emtronix-linux-gnueabi/gcc/arm-emtronix-linux-gnueabi/5.3.0/:/home/user/tools/esm6800/sysroots/cortexa7hf-neon-emtronix-linux-gnueabi/lib/:/home/user/tools/esm6800/sysroots/cortexa7hf-neon-emtronix-linux-gnueabi/usr/lib/arm-emtronix-linux-gnueabi/5.3.0/:/home/user/tools/esm6800/sysroots/cortexa7hf-neon-emtronix-linux-gnueabi/usr/lib/]
  ignore line: [COLLECT_GCC_OPTIONS='--sysroot=/home/user/tools/esm6800/sysroots/cortexa7hf-neon-emtronix-linux-gnueabi' '-march=armv7ve' '-mfpu=neon' '-mfloat-abi=hard' '-mcpu=cortex-a7' '-O2' '-pipe' '-g' '-feliminate-unused-debug-types' '-fdebug-prefix-map=/home/hzc/fsl-release-bsp/build-x11/tmp/work/x86_64-nativesdk-pokysdk-linux/meta-environment-imx6ulevk/1.0-r8=/usr/src/debug/meta-environment-imx6ulevk/1.0-r8' '-fdebug-prefix-map=/home/hzc/fsl-release-bsp/build-x11/tmp/sysroots/x86_64-linux=' '-fdebug-prefix-map=/home/hzc/fsl-release-bsp/build-x11/tmp/sysroots/x86_64-nativesdk-pokysdk-linux=' '-v' '-o' 'cmTC_22459' '-rdynamic' '-shared-libgcc' '-mtls-dialect=gnu']
  link line: [ /home/user/tools/esm6800/sysroots/x86_64-pokysdk-linux/usr/libexec/arm-emtronix-linux-gnueabi/gcc/arm-emtronix-linux-gnueabi/5.3.0/collect2 -plugin /home/user/tools/esm6800/sysroots/x86_64-pokysdk-linux/usr/libexec/arm-emtronix-linux-gnueabi/gcc/arm-emtronix-linux-gnueabi/5.3.0/liblto_plugin.so -plugin-opt=/home/user/tools/esm6800/sysroots/x86_64-pokysdk-linux/usr/libexec/arm-emtronix-linux-gnueabi/gcc/arm-emtronix-linux-gnueabi/5.3.0/lto-wrapper -plugin-opt=-fresolution=/tmp/cccYj0eC.res -plugin-opt=-pass-through=-lgcc_s -plugin-opt=-pass-through=-lgcc -plugin-opt=-pass-through=-lc -plugin-opt=-pass-through=-lgcc_s -plugin-opt=-pass-through=-lgcc --sysroot=/home/user/tools/esm6800/sysroots/cortexa7hf-neon-emtronix-linux-gnueabi --build-id --eh-frame-hdr --hash-style=gnu -export-dynamic -dynamic-linker /lib/ld-linux-armhf.so.3 -X -m armelf_linux_eabi -o cmTC_22459 /home/user/tools/esm6800/sysroots/cortexa7hf-neon-emtronix-linux-gnueabi/usr/lib/crt1.o /home/user/tools/esm6800/sysroots/cortexa7hf-neon-emtronix-linux-gnueabi/usr/lib/crti.o /home/user/tools/esm6800/sysroots/cortexa7hf-neon-emtronix-linux-gnueabi/usr/lib/arm-emtronix-linux-gnueabi/5.3.0/crtbegin.o -L/home/user/tools/esm6800/sysroots/x86_64-pokysdk-linux/usr/lib/arm-emtronix-linux-gnueabi/gcc/arm-emtronix-linux-gnueabi/5.3.0 -L/home/user/tools/esm6800/sysroots/cortexa7hf-neon-emtronix-linux-gnueabi/lib -L/home/user/tools/esm6800/sysroots/cortexa7hf-neon-emtronix-linux-gnueabi/usr/lib/arm-emtronix-linux-gnueabi/5.3.0 -L/home/user/tools/esm6800/sysroots/cortexa7hf-neon-emtronix-linux-gnueabi/usr/lib -O1 --hash-style=gnu --as-needed CMakeFiles/cmTC_22459.dir/CMakeCXXCompilerABI.cpp.o -lstdc++ -lm -lgcc_s -lgcc -lc -lgcc_s -lgcc /home/user/tools/esm6800/sysroots/cortexa7hf-neon-emtronix-linux-gnueabi/usr/lib/arm-emtronix-linux-gnueabi/5.3.0/crtend.o /home/user/tools/esm6800/sysroots/cortexa7hf-neon-emtronix-linux-gnueabi/usr/lib/crtn.o]
    arg [/home/user/tools/esm6800/sysroots/x86_64-pokysdk-linux/usr/libexec/arm-emtronix-linux-gnueabi/gcc/arm-emtronix-linux-gnueabi/5.3.0/collect2] ==> ignore
    arg [-plugin] ==> ignore
    arg [/home/user/tools/esm6800/sysroots/x86_64-pokysdk-linux/usr/libexec/arm-emtronix-linux-gnueabi/gcc/arm-emtronix-linux-gnueabi/5.3.0/liblto_plugin.so] ==> ignore
    arg [-plugin-opt=/home/user/tools/esm6800/sysroots/x86_64-pokysdk-linux/usr/libexec/arm-emtronix-linux-gnueabi/gcc/arm-emtronix-linux-gnueabi/5.3.0/lto-wrapper] ==> ignore
    arg [-plugin-opt=-fresolution=/tmp/cccYj0eC.res] ==> ignore
    arg [-plugin-opt=-pass-through=-lgcc_s] ==> ignore
    arg [-plugin-opt=-pass-through=-lgcc] ==> ignore
    arg [-plugin-opt=-pass-through=-lc] ==> ignore
    arg [-plugin-opt=-pass-through=-lgcc_s] ==> ignore
    arg [-plugin-opt=-pass-through=-lgcc] ==> ignore
    arg [--sysroot=/home/user/tools/esm6800/sysroots/cortexa7hf-neon-emtronix-linux-gnueabi] ==> ignore
    arg [--build-id] ==> ignore
    arg [--eh-frame-hdr] ==> ignore
    arg [--hash-style=gnu] ==> ignore
    arg [-export-dynamic] ==> ignore
    arg [-dynamic-linker] ==> ignore
    arg [/lib/ld-linux-armhf.so.3] ==> ignore
    arg [-X] ==> ignore
    arg [-m] ==> ignore
    arg [armelf_linux_eabi] ==> ignore
    arg [-o] ==> ignore
    arg [cmTC_22459] ==> ignore
    arg [/home/user/tools/esm6800/sysroots/cortexa7hf-neon-emtronix-linux-gnueabi/usr/lib/crt1.o] ==> ignore
    arg [/home/user/tools/esm6800/sysroots/cortexa7hf-neon-emtronix-linux-gnueabi/usr/lib/crti.o] ==> ignore
    arg [/home/user/tools/esm6800/sysroots/cortexa7hf-neon-emtronix-linux-gnueabi/usr/lib/arm-emtronix-linux-gnueabi/5.3.0/crtbegin.o] ==> ignore
    arg [-L/home/user/tools/esm6800/sysroots/x86_64-pokysdk-linux/usr/lib/arm-emtronix-linux-gnueabi/gcc/arm-emtronix-linux-gnueabi/5.3.0] ==> dir [/home/user/tools/esm6800/sysroots/x86_64-pokysdk-linux/usr/lib/arm-emtronix-linux-gnueabi/gcc/arm-emtronix-linux-gnueabi/5.3.0]
    arg [-L/home/user/tools/esm6800/sysroots/cortexa7hf-neon-emtronix-linux-gnueabi/lib] ==> dir [/home/user/tools/esm6800/sysroots/cortexa7hf-neon-emtronix-linux-gnueabi/lib]
    arg [-L/home/user/tools/esm6800/sysroots/cortexa7hf-neon-emtronix-linux-gnueabi/usr/lib/arm-emtronix-linux-gnueabi/5.3.0] ==> dir [/home/user/tools/esm6800/sysroots/cortexa7hf-neon-emtronix-linux-gnueabi/usr/lib/arm-emtronix-linux-gnueabi/5.3.0]
    arg [-L/home/user/tools/esm6800/sysroots/cortexa7hf-neon-emtronix-linux-gnueabi/usr/lib] ==> dir [/home/user/tools/esm6800/sysroots/cortexa7hf-neon-emtronix-linux-gnueabi/usr/lib]
    arg [-O1] ==> ignore
    arg [--hash-style=gnu] ==> ignore
    arg [--as-needed] ==> ignore
    arg [CMakeFiles/cmTC_22459.dir/CMakeCXXCompilerABI.cpp.o] ==> ignore
    arg [-lstdc++] ==> lib [stdc++]
    arg [-lm] ==> lib [m]
    arg [-lgcc_s] ==> lib [gcc_s]
    arg [-lgcc] ==> lib [gcc]
    arg [-lc] ==> lib [c]
    arg [-lgcc_s] ==> lib [gcc_s]
    arg [-lgcc] ==> lib [gcc]
    arg [/home/user/tools/esm6800/sysroots/cortexa7hf-neon-emtronix-linux-gnueabi/usr/lib/arm-emtronix-linux-gnueabi/5.3.0/crtend.o] ==> ignore
    arg [/home/user/tools/esm6800/sysroots/cortexa7hf-neon-emtronix-linux-gnueabi/usr/lib/crtn.o] ==> ignore
  remove lib [gcc_s]
  remove lib [gcc]
  remove lib [gcc_s]
  remove lib [gcc]
  collapse library dir [/home/user/tools/esm6800/sysroots/x86_64-pokysdk-linux/usr/lib/arm-emtronix-linux-gnueabi/gcc/arm-emtronix-linux-gnueabi/5.3.0] ==> [/home/user/tools/esm6800/sysroots/x86_64-pokysdk-linux/usr/lib/arm-emtronix-linux-gnueabi/gcc/arm-emtronix-linux-gnueabi/5.3.0]
  collapse library dir [/home/user/tools/esm6800/sysroots/cortexa7hf-neon-emtronix-linux-gnueabi/lib] ==> [/home/user/tools/esm6800/sysroots/cortexa7hf-neon-emtronix-linux-gnueabi/lib]
  collapse library dir [/home/user/tools/esm6800/sysroots/cortexa7hf-neon-emtronix-linux-gnueabi/usr/lib/arm-emtronix-linux-gnueabi/5.3.0] ==> [/home/user/tools/esm6800/sysroots/cortexa7hf-neon-emtronix-linux-gnueabi/usr/lib/arm-emtronix-linux-gnueabi/5.3.0]
  collapse library dir [/home/user/tools/esm6800/sysroots/cortexa7hf-neon-emtronix-linux-gnueabi/usr/lib] ==> [/home/user/tools/esm6800/sysroots/cortexa7hf-neon-emtronix-linux-gnueabi/usr/lib]
  implicit libs: [stdc++;m;c]
  implicit dirs: [/home/user/tools/esm6800/sysroots/x86_64-pokysdk-linux/usr/lib/arm-emtronix-linux-gnueabi/gcc/arm-emtronix-linux-gnueabi/5.3.0;/home/user/tools/esm6800/sysroots/cortexa7hf-neon-emtronix-linux-gnueabi/lib;/home/user/tools/esm6800/sysroots/cortexa7hf-neon-emtronix-linux-gnueabi/usr/lib/arm-emtronix-linux-gnueabi/5.3.0;/home/user/tools/esm6800/sysroots/cortexa7hf-neon-emtronix-linux-gnueabi/usr/lib]
  implicit fwks: []




Detecting CXX [-std=c++14] compiler features compiled with the following output:
Change Dir: /home/user/workspace/r_boot_demos/kp_can_demo/build/CMakeFiles/CMakeTmp

Run Build Command:"/usr/bin/make" "cmTC_5cbca/fast"
/usr/bin/make -f CMakeFiles/cmTC_5cbca.dir/build.make CMakeFiles/cmTC_5cbca.dir/build
make[1]: Entering directory '/home/user/workspace/r_boot_demos/kp_can_demo/build/CMakeFiles/CMakeTmp'
Building CXX object CMakeFiles/cmTC_5cbca.dir/feature_tests.cxx.o
/home/user/tools/esm6800/sysroots/x86_64-pokysdk-linux/usr/bin/arm-emtronix-linux-gnueabi/arm-emtronix-linux-gnueabi-g++   -march=armv7ve -mfpu=neon  -mfloat-abi=hard -mcpu=cortex-a7 --sysroot=/home/user/tools/esm6800/sysroots/cortexa7hf-neon-emtronix-linux-gnueabi    -O2 -pipe -g -feliminate-unused-debug-types -fdebug-prefix-map=/home/hzc/fsl-release-bsp/build-x11/tmp/work/x86_64-nativesdk-pokysdk-linux/meta-environment-imx6ulevk/1.0-r8=/usr/src/debug/meta-environment-imx6ulevk/1.0-r8 -fdebug-prefix-map=/home/hzc/fsl-release-bsp/build-x11/tmp/sysroots/x86_64-linux= -fdebug-prefix-map=/home/hzc/fsl-release-bsp/build-x11/tmp/sysroots/x86_64-nativesdk-pokysdk-linux=      -std=c++14 -o CMakeFiles/cmTC_5cbca.dir/feature_tests.cxx.o -c /home/user/workspace/r_boot_demos/kp_can_demo/build/CMakeFiles/feature_tests.cxx
Linking CXX executable cmTC_5cbca
/usr/bin/cmake -E cmake_link_script CMakeFiles/cmTC_5cbca.dir/link.txt --verbose=1
/home/user/tools/esm6800/sysroots/x86_64-pokysdk-linux/usr/bin/arm-emtronix-linux-gnueabi/arm-emtronix-linux-gnueabi-g++   -march=armv7ve -mfpu=neon  -mfloat-abi=hard -mcpu=cortex-a7 --sysroot=/home/user/tools/esm6800/sysroots/cortexa7hf-neon-emtronix-linux-gnueabi   -O2 -pipe -g -feliminate-unused-debug-types -fdebug-prefix-map=/home/hzc/fsl-release-bsp/build-x11/tmp/work/x86_64-nativesdk-pokysdk-linux/meta-environment-imx6ulevk/1.0-r8=/usr/src/debug/meta-environment-imx6ulevk/1.0-r8 -fdebug-prefix-map=/home/hzc/fsl-release-bsp/build-x11/tmp/sysroots/x86_64-linux= -fdebug-prefix-map=/home/hzc/fsl-release-bsp/build-x11/tmp/sysroots/x86_64-nativesdk-pokysdk-linux=      -Wl,-O1 -Wl,--hash-style=gnu -Wl,--as-needed  CMakeFiles/cmTC_5cbca.dir/feature_tests.cxx.o  -o cmTC_5cbca -rdynamic 
make[1]: Leaving directory '/home/user/workspace/r_boot_demos/kp_can_demo/build/CMakeFiles/CMakeTmp'


    Feature record: CXX_FEATURE:1cxx_aggregate_default_initializers
    Feature record: CXX_FEATURE:1cxx_alias_templates
    Feature record: CXX_FEATURE:1cxx_alignas
    Feature record: CXX_FEATURE:1cxx_alignof
    Feature record: CXX_FEATURE:1cxx_attributes
    Feature record: CXX_FEATURE:1cxx_attribute_deprecated
    Feature record: CXX_FEATURE:1cxx_auto_type
    Feature record: CXX_FEATURE:1cxx_binary_literals
    Feature record: CXX_FEATURE:1cxx_constexpr
    Feature record: CXX_FEATURE:1cxx_contextual_conversions
    Feature record: CXX_FEATURE:1cxx_decltype
    Feature record: CXX_FEATURE:1cxx_decltype_auto
    Feature record: CXX_FEATURE:1cxx_decltype_incomplete_return_types
    Feature record: CXX_FEATURE:1cxx_default_function_template_args
    Feature record: CXX_FEATURE:1cxx_defaulted_functions
    Feature record: CXX_FEATURE:1cxx_defaulted_move_initializers
    Feature record: CXX_FEATURE:1cxx_delegating_constructors
    Feature record: CXX_FEATURE:1cxx_deleted_functions
    Feature record: CXX_FEATURE:1cxx_digit_separators
    Feature record: CXX_FEATURE:1cxx_enum_forward_declarations
    Feature record: CXX_FEATURE:1cxx_explicit_conversions
    Feature record: CXX_FEATURE:1cxx_extended_friend_declarations
    Feature record: CXX_FEATURE:1cxx_extern_templates
    Feature record: CXX_FEATURE:1cxx_final
    Feature record: CXX_FEATURE:1cxx_func_identifier
    Feature record: CXX_FEATURE:1cxx_generalized_initializers
    Feature record: CXX_FEATURE:1cxx_generic_lambdas
    Feature record: CXX_FEATURE:1cxx_inheriting_constructors
    Feature record: CXX_FEATURE:1cxx_inline_namespaces
    Feature record: CXX_FEATURE:1cxx_lambdas
    Feature record: CXX_FEATURE:1cxx_lambda_init_captures
    Feature record: CXX_FEATURE:1cxx_local_type_template_args
    Feature record: CXX_FEATURE:1cxx_long_long_type
    Feature record: CXX_FEATURE:1cxx_noexcept
    Feature record: CXX_FEATURE:1cxx_nonstatic_member_init
    Feature record: CXX_FEATURE:1cxx_nullptr
    Feature record: CXX_FEATURE:1cxx_override
    Feature record: CXX_FEATURE:1cxx_range_for
    Feature record: CXX_FEATURE:1cxx_raw_string_literals
    Feature record: CXX_FEATURE:1cxx_reference_qualified_functions
    Feature record: CXX_FEATURE:1cxx_relaxed_constexpr
    Feature record: CXX_FEATURE:1cxx_return_type_deduction
    Feature record: CXX_FEATURE:1cxx_right_angle_brackets
    Feature record: CXX_FEATURE:1cxx_rvalue_references
    Feature record: CXX_FEATURE:1cxx_sizeof_member
    Feature record: CXX_FEATURE:1cxx_static_assert
    Feature record: CXX_FEATURE:1cxx_strong_enums
    Feature record: CXX_FEATURE:1cxx_template_template_parameters
    Feature record: CXX_FEATURE:1cxx_thread_local
    Feature record: CXX_FEATURE:1cxx_trailing_return_types
    Feature record: CXX_FEATURE:1cxx_unicode_literals
    Feature record: CXX_FEATURE:1cxx_uniform_initialization
    Feature record: CXX_FEATURE:1cxx_unrestricted_unions
    Feature record: CXX_FEATURE:1cxx_user_literals
    Feature record: CXX_FEATURE:1cxx_variable_templates
    Feature record: CXX_FEATURE:1cxx_variadic_macros
    Feature record: CXX_FEATURE:1cxx_variadic_templates


Detecting CXX [-std=c++11] compiler features compiled with the following output:
Change Dir: /home/user/workspace/r_boot_demos/kp_can_demo/build/CMakeFiles/CMakeTmp

Run Build Command:"/usr/bin/make" "cmTC_7dc30/fast"
/usr/bin/make -f CMakeFiles/cmTC_7dc30.dir/build.make CMakeFiles/cmTC_7dc30.dir/build
make[1]: Entering directory '/home/user/workspace/r_boot_demos/kp_can_demo/build/CMakeFiles/CMakeTmp'
Building CXX object CMakeFiles/cmTC_7dc30.dir/feature_tests.cxx.o
/home/user/tools/esm6800/sysroots/x86_64-pokysdk-linux/usr/bin/arm-emtronix-linux-gnueabi/arm-emtronix-linux-gnueabi-g++   -march=armv7ve -mfpu=neon  -mfloat-abi=hard -mcpu=cortex-a7 --sysroot=/home/user/tools/esm6800/sysroots/cortexa7hf-neon-emtronix-linux-gnueabi    -O2 -pipe -g -feliminate-unused-debug-types -fdebug-prefix-map=/home/hzc/fsl-release-bsp/build-x11/tmp/work/x86_64-nativesdk-pokysdk-linux/meta-environment-imx6ulevk/1.0-r8=/usr/src/debug/meta-environment-imx6ulevk/1.0-r8 -fdebug-prefix-map=/home/hzc/fsl-release-bsp/build-x11/tmp/sysroots/x86_64-linux= -fdebug-prefix-map=/home/hzc/fsl-release-bsp/build-x11/tmp/sysroots/x86_64-nativesdk-pokysdk-linux=      -std=c++11 -o CMakeFiles/cmTC_7dc30.dir/feature_tests.cxx.o -c /home/user/workspace/r_boot_demos/kp_can_demo/build/CMakeFiles/feature_tests.cxx
Linking CXX executable cmTC_7dc30
/usr/bin/cmake -E cmake_link_script CMakeFiles/cmTC_7dc30.dir/link.txt --verbose=1
/home/user/tools/esm6800/sysroots/x86_64-pokysdk-linux/usr/bin/arm-emtronix-linux-gnueabi/arm-emtronix-linux-gnueabi-g++   -march=armv7ve -mfpu=neon  -mfloat-abi=hard -mcpu=cortex-a7 --sysroot=/home/user/tools/esm6800/sysroots/cortexa7hf-neon-emtronix-linux-gnueabi   -O2 -pipe -g -feliminate-unused-debug-types -fdebug-prefix-map=/home/hzc/fsl-release-bsp/build-x11/tmp/work/x86_64-nativesdk-pokysdk-linux/meta-environment-imx6ulevk/1.0-r8=/usr/src/debug/meta-environment-imx6ulevk/1.0-r8 -fdebug-prefix-map=/home/hzc/fsl-release-bsp/build-x11/tmp/sysroots/x86_64-linux= -fdebug-prefix-map=/home/hzc/fsl-release-bsp/build-x11/tmp/sysroots/x86_64-nativesdk-pokysdk-linux=      -Wl,-O1 -Wl,--hash-style=gnu -Wl,--as-needed  CMakeFiles/cmTC_7dc30.dir/feature_tests.cxx.o  -o cmTC_7dc30 -rdynamic 
make[1]: Leaving directory '/home/user/workspace/r_boot_demos/kp_can_demo/build/CMakeFiles/CMakeTmp'


    Feature record: CXX_FEATURE:0cxx_aggregate_default_initializers
    Feature record: CXX_FEATURE:1cxx_alias_templates
    Feature record: CXX_FEATURE:1cxx_alignas
    Feature record: CXX_FEATURE:1cxx_alignof
    Feature record: CXX_FEATURE:1cxx_attributes
    Feature record: CXX_FEATURE:0cxx_attribute_deprecated
    Feature record: CXX_FEATURE:1cxx_auto_type
    Feature record: CXX_FEATURE:0cxx_binary_literals
    Feature record: CXX_FEATURE:1cxx_constexpr
    Feature record: CXX_FEATURE:0cxx_contextual_conversions
    Feature record: CXX_FEATURE:1cxx_decltype
    Feature record: CXX_FEATURE:0cxx_decltype_auto
    Feature record: CXX_FEATURE:1cxx_decltype_incomplete_return_types
    Feature record: CXX_FEATURE:1cxx_default_function_template_args
    Feature record: CXX_FEATURE:1cxx_defaulted_functions
    Feature record: CXX_FEATURE:1cxx_defaulted_move_initializers
    Feature record: CXX_FEATURE:1cxx_delegating_constructors
    Feature record: CXX_FEATURE:1cxx_deleted_functions
    Feature record: CXX_FEATURE:0cxx_digit_separators
    Feature record: CXX_FEATURE:1cxx_enum_forward_declarations
    Feature record: CXX_FEATURE:1cxx_explicit_conversions
    Feature record: CXX_FEATURE:1cxx_extended_friend_declarations
    Feature record: CXX_FEATURE:1cxx_extern_templates
    Feature record: CXX_FEATURE:1cxx_final
    Feature record: CXX_FEATURE:1cxx_func_identifier
    Feature record: CXX_FEATURE:1cxx_generalized_initializers
    Feature record: CXX_FEATURE:0cxx_generic_lambdas
    Feature record: CXX_FEATURE:1cxx_inheriting_constructors
    Feature record: CXX_FEATURE:1cxx_inline_namespaces
    Feature record: CXX_FEATURE:1cxx_lambdas
    Feature record: CXX_FEATURE:0cxx_lambda_init_captures
    Feature record: CXX_FEATURE:1cxx_local_type_template_args
    Feature record: CXX_FEATURE:1cxx_long_long_type
    Feature record: CXX_FEATURE:1cxx_noexcept
    Feature record: CXX_FEATURE:1cxx_nonstatic_member_init
    Feature record: CXX_FEATURE:1cxx_nullptr
    Feature record: CXX_FEATURE:1cxx_override
    Feature record: CXX_FEATURE:1cxx_range_for
    Feature record: CXX_FEATURE:1cxx_raw_string_literals
    Feature record: CXX_FEATURE:1cxx_reference_qualified_functions
    Feature record: CXX_FEATURE:0cxx_relaxed_constexpr
    Feature record: CXX_FEATURE:0cxx_return_type_deduction
    Feature record: CXX_FEATURE:1cxx_right_angle_brackets
    Feature record: CXX_FEATURE:1cxx_rvalue_references
    Feature record: CXX_FEATURE:1cxx_sizeof_member
    Feature record: CXX_FEATURE:1cxx_static_assert
    Feature record: CXX_FEATURE:1cxx_strong_enums
    Feature record: CXX_FEATURE:1cxx_template_template_parameters
    Feature record: CXX_FEATURE:1cxx_thread_local
    Feature record: CXX_FEATURE:1cxx_trailing_return_types
    Feature record: CXX_FEATURE:1cxx_unicode_literals
    Feature record: CXX_FEATURE:1cxx_uniform_initialization
    Feature record: CXX_FEATURE:1cxx_unrestricted_unions
    Feature record: CXX_FEATURE:1cxx_user_literals
    Feature record: CXX_FEATURE:0cxx_variable_templates
    Feature record: CXX_FEATURE:1cxx_variadic_macros
    Feature record: CXX_FEATURE:1cxx_variadic_templates


Detecting CXX [-std=c++98] compiler features compiled with the following output:
Change Dir: /home/user/workspace/r_boot_demos/kp_can_demo/build/CMakeFiles/CMakeTmp

Run Build Command:"/usr/bin/make" "cmTC_60ef4/fast"
/usr/bin/make -f CMakeFiles/cmTC_60ef4.dir/build.make CMakeFiles/cmTC_60ef4.dir/build
make[1]: Entering directory '/home/user/workspace/r_boot_demos/kp_can_demo/build/CMakeFiles/CMakeTmp'
Building CXX object CMakeFiles/cmTC_60ef4.dir/feature_tests.cxx.o
/home/user/tools/esm6800/sysroots/x86_64-pokysdk-linux/usr/bin/arm-emtronix-linux-gnueabi/arm-emtronix-linux-gnueabi-g++   -march=armv7ve -mfpu=neon  -mfloat-abi=hard -mcpu=cortex-a7 --sysroot=/home/user/tools/esm6800/sysroots/cortexa7hf-neon-emtronix-linux-gnueabi    -O2 -pipe -g -feliminate-unused-debug-types -fdebug-prefix-map=/home/hzc/fsl-release-bsp/build-x11/tmp/work/x86_64-nativesdk-pokysdk-linux/meta-environment-imx6ulevk/1.0-r8=/usr/src/debug/meta-environment-imx6ulevk/1.0-r8 -fdebug-prefix-map=/home/hzc/fsl-release-bsp/build-x11/tmp/sysroots/x86_64-linux= -fdebug-prefix-map=/home/hzc/fsl-release-bsp/build-x11/tmp/sysroots/x86_64-nativesdk-pokysdk-linux=      -std=c++98 -o CMakeFiles/cmTC_60ef4.dir/feature_tests.cxx.o -c /home/user/workspace/r_boot_demos/kp_can_demo/build/CMakeFiles/feature_tests.cxx
Linking CXX executable cmTC_60ef4
/usr/bin/cmake -E cmake_link_script CMakeFiles/cmTC_60ef4.dir/link.txt --verbose=1
/home/user/tools/esm6800/sysroots/x86_64-pokysdk-linux/usr/bin/arm-emtronix-linux-gnueabi/arm-emtronix-linux-gnueabi-g++   -march=armv7ve -mfpu=neon  -mfloat-abi=hard -mcpu=cortex-a7 --sysroot=/home/user/tools/esm6800/sysroots/cortexa7hf-neon-emtronix-linux-gnueabi   -O2 -pipe -g -feliminate-unused-debug-types -fdebug-prefix-map=/home/hzc/fsl-release-bsp/build-x11/tmp/work/x86_64-nativesdk-pokysdk-linux/meta-environment-imx6ulevk/1.0-r8=/usr/src/debug/meta-environment-imx6ulevk/1.0-r8 -fdebug-prefix-map=/home/hzc/fsl-release-bsp/build-x11/tmp/sysroots/x86_64-linux= -fdebug-prefix-map=/home/hzc/fsl-release-bsp/build-x11/tmp/sysroots/x86_64-nativesdk-pokysdk-linux=      -Wl,-O1 -Wl,--hash-style=gnu -Wl,--as-needed  CMakeFiles/cmTC_60ef4.dir/feature_tests.cxx.o  -o cmTC_60ef4 -rdynamic 
make[1]: Leaving directory '/home/user/workspace/r_boot_demos/kp_can_demo/build/CMakeFiles/CMakeTmp'


    Feature record: CXX_FEATURE:0cxx_aggregate_default_initializers
    Feature record: CXX_FEATURE:0cxx_alias_templates
    Feature record: CXX_FEATURE:0cxx_alignas
    Feature record: CXX_FEATURE:0cxx_alignof
    Feature record: CXX_FEATURE:0cxx_attributes
    Feature record: CXX_FEATURE:0cxx_attribute_deprecated
    Feature record: CXX_FEATURE:0cxx_auto_type
    Feature record: CXX_FEATURE:0cxx_binary_literals
    Feature record: CXX_FEATURE:0cxx_constexpr
    Feature record: CXX_FEATURE:0cxx_contextual_conversions
    Feature record: CXX_FEATURE:0cxx_decltype
    Feature record: CXX_FEATURE:0cxx_decltype_auto
    Feature record: CXX_FEATURE:0cxx_decltype_incomplete_return_types
    Feature record: CXX_FEATURE:0cxx_default_function_template_args
    Feature record: CXX_FEATURE:0cxx_defaulted_functions
    Feature record: CXX_FEATURE:0cxx_defaulted_move_initializers
    Feature record: CXX_FEATURE:0cxx_delegating_constructors
    Feature record: CXX_FEATURE:0cxx_deleted_functions
    Feature record: CXX_FEATURE:0cxx_digit_separators
    Feature record: CXX_FEATURE:0cxx_enum_forward_declarations
    Feature record: CXX_FEATURE:0cxx_explicit_conversions
    Feature record: CXX_FEATURE:0cxx_extended_friend_declarations
    Feature record: CXX_FEATURE:0cxx_extern_templates
    Feature record: CXX_FEATURE:0cxx_final
    Feature record: CXX_FEATURE:0cxx_func_identifier
    Feature record: CXX_FEATURE:0cxx_generalized_initializers
    Feature record: CXX_FEATURE:0cxx_generic_lambdas
    Feature record: CXX_FEATURE:0cxx_inheriting_constructors
    Feature record: CXX_FEATURE:0cxx_inline_namespaces
    Feature record: CXX_FEATURE:0cxx_lambdas
    Feature record: CXX_FEATURE:0cxx_lambda_init_captures
    Feature record: CXX_FEATURE:0cxx_local_type_template_args
    Feature record: CXX_FEATURE:0cxx_long_long_type
    Feature record: CXX_FEATURE:0cxx_noexcept
    Feature record: CXX_FEATURE:0cxx_nonstatic_member_init
    Feature record: CXX_FEATURE:0cxx_nullptr
    Feature record: CXX_FEATURE:0cxx_override
    Feature record: CXX_FEATURE:0cxx_range_for
    Feature record: CXX_FEATURE:0cxx_raw_string_literals
    Feature record: CXX_FEATURE:0cxx_reference_qualified_functions
    Feature record: CXX_FEATURE:0cxx_relaxed_constexpr
    Feature record: CXX_FEATURE:0cxx_return_type_deduction
    Feature record: CXX_FEATURE:0cxx_right_angle_brackets
    Feature record: CXX_FEATURE:0cxx_rvalue_references
    Feature record: CXX_FEATURE:0cxx_sizeof_member
    Feature record: CXX_FEATURE:0cxx_static_assert
    Feature record: CXX_FEATURE:0cxx_strong_enums
    Feature record: CXX_FEATURE:1cxx_template_template_parameters
    Feature record: CXX_FEATURE:0cxx_thread_local
    Feature record: CXX_FEATURE:0cxx_trailing_return_types
    Feature record: CXX_FEATURE:0cxx_unicode_literals
    Feature record: CXX_FEATURE:0cxx_uniform_initialization
    Feature record: CXX_FEATURE:0cxx_unrestricted_unions
    Feature record: CXX_FEATURE:0cxx_user_literals
    Feature record: CXX_FEATURE:0cxx_variable_templates
    Feature record: CXX_FEATURE:0cxx_variadic_macros
    Feature record: CXX_FEATURE:0cxx_variadic_templates
